{"/home/travis/build/npmtest/node-npmtest-caminte/test.js":{"path":"/home/travis/build/npmtest/node-npmtest-caminte/test.js","s":{"1":2,"2":2,"3":2,"4":2,"5":2,"6":2,"7":2,"8":1,"9":2,"10":2,"11":1,"12":1,"13":1,"14":1,"15":2,"16":2,"17":2,"18":2,"19":1,"20":1,"21":2,"22":2,"23":2,"24":1,"25":1,"26":1,"27":1,"28":1,"29":1,"30":1,"31":1,"32":1,"33":1,"34":1,"35":1,"36":1,"37":2,"38":2,"39":1,"40":2,"41":2,"42":1,"43":2,"44":2,"45":1,"46":2,"47":2,"48":1,"49":1,"50":1,"51":1,"52":1},"b":{"1":[2,1,1,1],"2":[1,1,1,1],"3":[1,1],"4":[1,1],"5":[1,1],"6":[1,1],"7":[1,1],"8":[1,1],"9":[1,1,1],"10":[1,1],"11":[1,1],"12":[1,1],"13":[1,1],"14":[1,1],"15":[1,1],"16":[1,1]},"f":{"1":2,"2":2,"3":2,"4":2,"5":2,"6":1,"7":1,"8":2,"9":2,"10":2,"11":2,"12":1},"fnMap":{"1":{"name":"(anonymous_1)","line":12,"loc":{"start":{"line":12,"column":1},"end":{"line":12,"column":13}}},"2":{"name":"(anonymous_2)","line":19,"loc":{"start":{"line":19,"column":5},"end":{"line":19,"column":17}}},"3":{"name":"(anonymous_3)","line":23,"loc":{"start":{"line":23,"column":24},"end":{"line":23,"column":36}}},"4":{"name":"(anonymous_4)","line":61,"loc":{"start":{"line":61,"column":5},"end":{"line":61,"column":17}}},"5":{"name":"(anonymous_5)","line":82,"loc":{"start":{"line":82,"column":5},"end":{"line":82,"column":17}}},"6":{"name":"(anonymous_6)","line":102,"loc":{"start":{"line":102,"column":83},"end":{"line":105,"column":10}},"skip":true},"7":{"name":"(anonymous_7)","line":113,"loc":{"start":{"line":113,"column":77},"end":{"line":116,"column":10}},"skip":true},"8":{"name":"(anonymous_8)","line":129,"loc":{"start":{"line":129,"column":12},"end":{"line":129,"column":40}},"skip":true},"9":{"name":"(anonymous_9)","line":137,"loc":{"start":{"line":137,"column":77},"end":{"line":140,"column":10}},"skip":true},"10":{"name":"(anonymous_10)","line":148,"loc":{"start":{"line":148,"column":83},"end":{"line":151,"column":10}},"skip":true},"11":{"name":"(anonymous_11)","line":159,"loc":{"start":{"line":159,"column":79},"end":{"line":162,"column":10}},"skip":true},"12":{"name":"(anonymous_12)","line":170,"loc":{"start":{"line":170,"column":75},"end":{"line":173,"column":10}},"skip":true}},"statementMap":{"1":{"start":{"line":12,"column":0},"end":{"line":185,"column":5}},"2":{"start":{"line":14,"column":4},"end":{"line":14,"column":14}},"3":{"start":{"line":19,"column":4},"end":{"line":56,"column":9}},"4":{"start":{"line":21,"column":8},"end":{"line":21,"column":19}},"5":{"start":{"line":23,"column":8},"end":{"line":35,"column":13}},"6":{"start":{"line":24,"column":12},"end":{"line":34,"column":13}},"7":{"start":{"line":25,"column":16},"end":{"line":28,"column":30}},"8":{"start":{"line":30,"column":16},"end":{"line":33,"column":27}},"9":{"start":{"line":37,"column":8},"end":{"line":39,"column":21}},"10":{"start":{"line":40,"column":8},"end":{"line":53,"column":9}},"11":{"start":{"line":43,"column":12},"end":{"line":46,"column":14}},"12":{"start":{"line":47,"column":12},"end":{"line":47,"column":18}},"13":{"start":{"line":50,"column":12},"end":{"line":51,"column":46}},"14":{"start":{"line":52,"column":12},"end":{"line":52,"column":18}},"15":{"start":{"line":55,"column":8},"end":{"line":55,"column":35}},"16":{"start":{"line":61,"column":4},"end":{"line":63,"column":9}},"17":{"start":{"line":62,"column":8},"end":{"line":62,"column":15}},"18":{"start":{"line":64,"column":4},"end":{"line":77,"column":5}},"19":{"start":{"line":70,"column":8},"end":{"line":70,"column":14}},"20":{"start":{"line":76,"column":8},"end":{"line":76,"column":14}},"21":{"start":{"line":82,"column":4},"end":{"line":84,"column":9}},"22":{"start":{"line":83,"column":8},"end":{"line":83,"column":15}},"23":{"start":{"line":85,"column":4},"end":{"line":184,"column":5}},"24":{"start":{"line":92,"column":8},"end":{"line":94,"column":63}},"25":{"start":{"line":95,"column":8},"end":{"line":95,"column":14}},"26":{"start":{"line":102,"column":8},"end":{"line":111,"column":10},"skip":true},"27":{"start":{"line":109,"column":12},"end":{"line":109,"column":55},"skip":true},"28":{"start":{"line":110,"column":12},"end":{"line":110,"column":48},"skip":true},"29":{"start":{"line":113,"column":8},"end":{"line":126,"column":10},"skip":true},"30":{"start":{"line":120,"column":12},"end":{"line":120,"column":76},"skip":true},"31":{"start":{"line":121,"column":12},"end":{"line":121,"column":73},"skip":true},"32":{"start":{"line":122,"column":12},"end":{"line":122,"column":74},"skip":true},"33":{"start":{"line":123,"column":12},"end":{"line":123,"column":79},"skip":true},"34":{"start":{"line":124,"column":12},"end":{"line":124,"column":25},"skip":true},"35":{"start":{"line":125,"column":12},"end":{"line":125,"column":45},"skip":true},"36":{"start":{"line":128,"column":8},"end":{"line":135,"column":14},"skip":true},"37":{"start":{"line":133,"column":16},"end":{"line":133,"column":29},"skip":true},"38":{"start":{"line":134,"column":16},"end":{"line":134,"column":55},"skip":true},"39":{"start":{"line":137,"column":8},"end":{"line":146,"column":10},"skip":true},"40":{"start":{"line":144,"column":12},"end":{"line":144,"column":25},"skip":true},"41":{"start":{"line":145,"column":12},"end":{"line":145,"column":45},"skip":true},"42":{"start":{"line":148,"column":8},"end":{"line":157,"column":10},"skip":true},"43":{"start":{"line":155,"column":12},"end":{"line":155,"column":25},"skip":true},"44":{"start":{"line":156,"column":12},"end":{"line":156,"column":48},"skip":true},"45":{"start":{"line":159,"column":8},"end":{"line":168,"column":10},"skip":true},"46":{"start":{"line":166,"column":12},"end":{"line":166,"column":25},"skip":true},"47":{"start":{"line":167,"column":12},"end":{"line":167,"column":46},"skip":true},"48":{"start":{"line":170,"column":8},"end":{"line":179,"column":10},"skip":true},"49":{"start":{"line":177,"column":12},"end":{"line":177,"column":94},"skip":true},"50":{"start":{"line":178,"column":12},"end":{"line":178,"column":48},"skip":true},"51":{"start":{"line":182,"column":8},"end":{"line":182,"column":35},"skip":true},"52":{"start":{"line":183,"column":8},"end":{"line":183,"column":14},"skip":true}},"branchMap":{"1":{"line":25,"type":"binary-expr","locations":[{"start":{"line":25,"column":23},"end":{"line":25,"column":62}},{"start":{"line":26,"column":20},"end":{"line":26,"column":70}},{"start":{"line":27,"column":20},"end":{"line":27,"column":71}},{"start":{"line":28,"column":20},"end":{"line":28,"column":29}}]},"2":{"line":30,"type":"binary-expr","locations":[{"start":{"line":30,"column":23},"end":{"line":30,"column":37}},{"start":{"line":31,"column":20},"end":{"line":31,"column":61}},{"start":{"line":32,"column":20},"end":{"line":32,"column":70}},{"start":{"line":33,"column":20},"end":{"line":33,"column":26}}]},"3":{"line":37,"type":"cond-expr","locations":[{"start":{"line":38,"column":14},"end":{"line":38,"column":20}},{"start":{"line":39,"column":14},"end":{"line":39,"column":20}}]},"4":{"line":40,"type":"switch","locations":[{"start":{"line":42,"column":8},"end":{"line":47,"column":18}},{"start":{"line":49,"column":8},"end":{"line":52,"column":18}}]},"5":{"line":44,"type":"binary-expr","locations":[{"start":{"line":44,"column":16},"end":{"line":44,"column":44}},{"start":{"line":44,"column":48},"end":{"line":44,"column":66}}]},"6":{"line":50,"type":"binary-expr","locations":[{"start":{"line":50,"column":21},"end":{"line":50,"column":49}},{"start":{"line":50,"column":53},"end":{"line":50,"column":72}}]},"7":{"line":64,"type":"switch","locations":[{"start":{"line":69,"column":4},"end":{"line":70,"column":14}},{"start":{"line":75,"column":4},"end":{"line":76,"column":14}}]},"8":{"line":85,"type":"switch","locations":[{"start":{"line":90,"column":4},"end":{"line":95,"column":14}},{"start":{"line":101,"column":4},"end":{"line":183,"column":14},"skip":true}]},"9":{"line":92,"type":"binary-expr","locations":[{"start":{"line":92,"column":18},"end":{"line":92,"column":32}},{"start":{"line":93,"column":12},"end":{"line":93,"column":53}},{"start":{"line":94,"column":12},"end":{"line":94,"column":61}}]},"10":{"line":102,"type":"binary-expr","locations":[{"start":{"line":102,"column":45},"end":{"line":102,"column":79},"skip":true},{"start":{"line":102,"column":83},"end":{"line":111,"column":9},"skip":true}]},"11":{"line":113,"type":"binary-expr","locations":[{"start":{"line":113,"column":42},"end":{"line":113,"column":73},"skip":true},{"start":{"line":113,"column":77},"end":{"line":126,"column":9},"skip":true}]},"12":{"line":128,"type":"binary-expr","locations":[{"start":{"line":128,"column":48},"end":{"line":128,"column":85},"skip":true},{"start":{"line":129,"column":12},"end":{"line":135,"column":13},"skip":true}]},"13":{"line":137,"type":"binary-expr","locations":[{"start":{"line":137,"column":42},"end":{"line":137,"column":73},"skip":true},{"start":{"line":137,"column":77},"end":{"line":146,"column":9},"skip":true}]},"14":{"line":148,"type":"binary-expr","locations":[{"start":{"line":148,"column":45},"end":{"line":148,"column":79},"skip":true},{"start":{"line":148,"column":83},"end":{"line":157,"column":9},"skip":true}]},"15":{"line":159,"type":"binary-expr","locations":[{"start":{"line":159,"column":43},"end":{"line":159,"column":75},"skip":true},{"start":{"line":159,"column":79},"end":{"line":168,"column":9},"skip":true}]},"16":{"line":170,"type":"binary-expr","locations":[{"start":{"line":170,"column":41},"end":{"line":170,"column":71},"skip":true},{"start":{"line":170,"column":75},"end":{"line":179,"column":9},"skip":true}]}},"code":["/* istanbul instrument in package npmtest_caminte */","/*jslint","    bitwise: true,","    browser: true,","    maxerr: 8,","    maxlen: 96,","    node: true,","    nomen: true,","    regexp: true,","    stupid: true","*/","(function () {","    'use strict';","    var local;","","","","    // run shared js-env code - pre-init","    (function () {","        // init local","        local = {};","        // init modeJs","        local.modeJs = (function () {","            try {","                return typeof navigator.userAgent === 'string' &&","                    typeof document.querySelector('body') === 'object' &&","                    typeof XMLHttpRequest.prototype.open === 'function' &&","                    'browser';","            } catch (errorCaughtBrowser) {","                return module.exports &&","                    typeof process.versions.node === 'string' &&","                    typeof require('http').createServer === 'function' &&","                    'node';","            }","        }());","        // init global","        local.global = local.modeJs === 'browser'","            ? window","            : global;","        switch (local.modeJs) {","        // re-init local from window.local","        case 'browser':","            local = local.global.utility2.objectSetDefault(","                local.global.utility2_rollup || local.global.local,","                local.global.utility2","            );","            break;","        // re-init local from example.js","        case 'node':","            local = (local.global.utility2_rollup || require('utility2'))","                .requireExampleJsFromReadme();","            break;","        }","        // export local","        local.global.local = local;","    }());","","","","    // run shared js-env code - function","    (function () {","        return;","    }());","    switch (local.modeJs) {","","","","    // run browser js-env code - function","    case 'browser':","        break;","","","","    // run node js-env code - function","    case 'node':","        break;","    }","","","","    // run shared js-env code - post-init","    (function () {","        return;","    }());","    switch (local.modeJs) {","","","","    // run browser js-env code - post-init","    case 'browser':","        // run tests","        local.nop(local.modeTest &&","            document.querySelector('#testRunButton1') &&","            document.querySelector('#testRunButton1').click());","        break;","","","","    // run node js-env code - post-init","    /* istanbul ignore next */","    case 'node':","        local.testCase_buildApidoc_default = local.testCase_buildApidoc_default || function (","            options,","            onError","        ) {","        /*","         * this function will test buildApidoc's default handling-behavior-behavior","         */","            options = { modulePathList: module.paths };","            local.buildApidoc(options, onError);","        };","","        local.testCase_buildApp_default = local.testCase_buildApp_default || function (","            options,","            onError","        ) {","        /*","         * this function will test buildApp's default handling-behavior-behavior","         */","            local.testCase_buildReadme_default(options, local.onErrorThrow);","            local.testCase_buildLib_default(options, local.onErrorThrow);","            local.testCase_buildTest_default(options, local.onErrorThrow);","            local.testCase_buildCustomOrg_default(options, local.onErrorThrow);","            options = [];","            local.buildApp(options, onError);","        };","","        local.testCase_buildCustomOrg_default = local.testCase_buildCustomOrg_default ||","            function (options, onError) {","            /*","             * this function will test buildCustomOrg's default handling-behavior","             */","                options = {};","                local.buildCustomOrg(options, onError);","            };","","        local.testCase_buildLib_default = local.testCase_buildLib_default || function (","            options,","            onError","        ) {","        /*","         * this function will test buildLib's default handling-behavior","         */","            options = {};","            local.buildLib(options, onError);","        };","","        local.testCase_buildReadme_default = local.testCase_buildReadme_default || function (","            options,","            onError","        ) {","        /*","         * this function will test buildReadme's default handling-behavior-behavior","         */","            options = {};","            local.buildReadme(options, onError);","        };","","        local.testCase_buildTest_default = local.testCase_buildTest_default || function (","            options,","            onError","        ) {","        /*","         * this function will test buildTest's default handling-behavior","         */","            options = {};","            local.buildTest(options, onError);","        };","","        local.testCase_webpage_default = local.testCase_webpage_default || function (","            options,","            onError","        ) {","        /*","         * this function will test webpage's default handling-behavior","         */","            options = { modeCoverageMerge: true, url: local.serverLocalHost + '?modeTest=1' };","            local.browserTest(options, onError);","        };","","        // run test-server","        local.testRunServer(local);","        break;","    }","}());",""],"l":{"12":2,"14":2,"19":2,"21":2,"23":2,"24":2,"25":2,"30":1,"37":2,"40":2,"43":1,"47":1,"50":1,"52":1,"55":2,"61":2,"62":2,"64":2,"70":1,"76":1,"82":2,"83":2,"85":2,"92":1,"95":1,"102":1,"109":1,"110":1,"113":1,"120":1,"121":1,"122":1,"123":1,"124":1,"125":1,"128":1,"133":2,"134":2,"137":1,"144":2,"145":2,"148":1,"155":2,"156":2,"159":1,"166":2,"167":2,"170":1,"177":1,"178":1,"182":1,"183":1}},"/home/travis/build/npmtest/node-npmtest-caminte/lib.npmtest_caminte.js":{"path":"/home/travis/build/npmtest/node-npmtest-caminte/lib.npmtest_caminte.js","s":{"1":2,"2":2,"3":2,"4":2,"5":2,"6":2,"7":2,"8":1,"9":2,"10":2,"11":2,"12":2,"13":1,"14":1,"15":1,"16":1},"b":{"1":[2,1,1,1],"2":[1,1,1,1],"3":[1,1],"4":[2,2],"5":[1,1]},"f":{"1":2,"2":2,"3":2},"fnMap":{"1":{"name":"(anonymous_1)","line":12,"loc":{"start":{"line":12,"column":1},"end":{"line":12,"column":13}}},"2":{"name":"(anonymous_2)","line":19,"loc":{"start":{"line":19,"column":5},"end":{"line":19,"column":17}}},"3":{"name":"(anonymous_3)","line":23,"loc":{"start":{"line":23,"column":24},"end":{"line":23,"column":36}}}},"statementMap":{"1":{"start":{"line":12,"column":0},"end":{"line":53,"column":5}},"2":{"start":{"line":14,"column":4},"end":{"line":14,"column":14}},"3":{"start":{"line":19,"column":4},"end":{"line":52,"column":9}},"4":{"start":{"line":21,"column":8},"end":{"line":21,"column":19}},"5":{"start":{"line":23,"column":8},"end":{"line":35,"column":13}},"6":{"start":{"line":24,"column":12},"end":{"line":34,"column":13}},"7":{"start":{"line":25,"column":16},"end":{"line":28,"column":30}},"8":{"start":{"line":30,"column":16},"end":{"line":33,"column":27}},"9":{"start":{"line":37,"column":8},"end":{"line":39,"column":21}},"10":{"start":{"line":41,"column":8},"end":{"line":41,"column":54}},"11":{"start":{"line":43,"column":8},"end":{"line":43,"column":52}},"12":{"start":{"line":45,"column":8},"end":{"line":51,"column":9}},"13":{"start":{"line":46,"column":12},"end":{"line":46,"column":58}},"14":{"start":{"line":48,"column":12},"end":{"line":48,"column":35}},"15":{"start":{"line":49,"column":12},"end":{"line":49,"column":49}},"16":{"start":{"line":50,"column":12},"end":{"line":50,"column":43}}},"branchMap":{"1":{"line":25,"type":"binary-expr","locations":[{"start":{"line":25,"column":23},"end":{"line":25,"column":62}},{"start":{"line":26,"column":20},"end":{"line":26,"column":70}},{"start":{"line":27,"column":20},"end":{"line":27,"column":71}},{"start":{"line":28,"column":20},"end":{"line":28,"column":29}}]},"2":{"line":30,"type":"binary-expr","locations":[{"start":{"line":30,"column":23},"end":{"line":30,"column":37}},{"start":{"line":31,"column":20},"end":{"line":31,"column":61}},{"start":{"line":32,"column":20},"end":{"line":32,"column":70}},{"start":{"line":33,"column":20},"end":{"line":33,"column":26}}]},"3":{"line":37,"type":"cond-expr","locations":[{"start":{"line":38,"column":14},"end":{"line":38,"column":20}},{"start":{"line":39,"column":14},"end":{"line":39,"column":20}}]},"4":{"line":41,"type":"binary-expr","locations":[{"start":{"line":41,"column":16},"end":{"line":41,"column":44}},{"start":{"line":41,"column":48},"end":{"line":41,"column":53}}]},"5":{"line":45,"type":"if","locations":[{"start":{"line":45,"column":8},"end":{"line":45,"column":8}},{"start":{"line":45,"column":8},"end":{"line":45,"column":8}}]}},"code":["/* istanbul instrument in package npmtest_caminte */","/*jslint","    bitwise: true,","    browser: true,","    maxerr: 8,","    maxlen: 96,","    node: true,","    nomen: true,","    regexp: true,","    stupid: true","*/","(function () {","    'use strict';","    var local;","","","","    // run shared js-env code - pre-init","    (function () {","        // init local","        local = {};","        // init modeJs","        local.modeJs = (function () {","            try {","                return typeof navigator.userAgent === 'string' &&","                    typeof document.querySelector('body') === 'object' &&","                    typeof XMLHttpRequest.prototype.open === 'function' &&","                    'browser';","            } catch (errorCaughtBrowser) {","                return module.exports &&","                    typeof process.versions.node === 'string' &&","                    typeof require('http').createServer === 'function' &&","                    'node';","            }","        }());","        // init global","        local.global = local.modeJs === 'browser'","            ? window","            : global;","        // init utility2_rollup","        local = local.global.utility2_rollup || local;","        // init lib","        local.local = local.npmtest_caminte = local;","        // init exports","        if (local.modeJs === 'browser') {","            local.global.utility2_npmtest_caminte = local;","        } else {","            module.exports = local;","            module.exports.__dirname = __dirname;","            module.exports.module = module;","        }","    }());","}());",""],"l":{"12":2,"14":2,"19":2,"21":2,"23":2,"24":2,"25":2,"30":1,"37":2,"41":2,"43":2,"45":2,"46":1,"48":1,"49":1,"50":1}},"/home/travis/build/npmtest/node-npmtest-caminte/example.js":{"path":"/home/travis/build/npmtest/node-npmtest-caminte/example.js","s":{"1":2,"2":2,"3":2,"4":2,"5":2,"6":2,"7":2,"8":1,"9":2,"10":2,"11":2,"12":2,"13":1,"14":2,"15":2,"16":2,"17":2,"18":2,"19":0,"20":2,"21":1,"22":1,"23":1,"24":1,"25":1,"26":0,"27":0,"28":1,"29":1,"30":2,"31":0,"32":0,"33":0,"34":1,"35":2,"36":2,"37":2,"38":2,"39":2,"40":2,"41":0,"42":2,"43":2,"44":2,"45":1,"46":3,"47":1,"48":1,"49":1,"50":1,"51":1,"52":1,"53":1,"54":1,"55":1,"56":1,"57":0,"58":1,"59":6,"60":6,"61":1,"62":2,"63":0,"64":2,"65":1,"66":1,"67":0,"68":0,"69":0,"70":0,"71":0,"72":0,"73":0,"74":0,"75":0,"76":0,"77":0,"78":0,"79":0,"80":0,"81":0,"82":0,"83":0},"b":{"1":[2,1,1,1],"2":[1,1,1,1],"3":[1,1],"4":[2,2],"5":[1,1],"6":[1,1],"7":[2,0],"8":[2,1,1,1,1,1],"9":[0,2,0],"10":[1,1],"11":[2,1,1],"12":[1,0],"13":[0,2],"14":[2,0,0,0,0,0,0],"15":[0,2],"16":[2,0],"17":[1,1],"18":[0,1],"19":[1,2,0,2],"20":[1,0],"21":[1,1],"22":[0,0],"23":[0,0],"24":[0,0],"25":[0,0],"26":[0,0],"27":[0,0],"28":[0,0]},"f":{"1":2,"2":2,"3":2,"4":2,"5":2,"6":2,"7":2,"8":2,"9":3,"10":1,"11":6,"12":0},"fnMap":{"1":{"name":"(anonymous_1)","line":26,"loc":{"start":{"line":26,"column":1},"end":{"line":26,"column":13}}},"2":{"name":"(anonymous_2)","line":33,"loc":{"start":{"line":33,"column":5},"end":{"line":33,"column":17}}},"3":{"name":"(anonymous_3)","line":37,"loc":{"start":{"line":37,"column":24},"end":{"line":37,"column":36}}},"4":{"name":"(anonymous_4)","line":69,"loc":{"start":{"line":69,"column":31},"end":{"line":69,"column":48}},"skip":true},"5":{"name":"(anonymous_5)","line":78,"loc":{"start":{"line":78,"column":26},"end":{"line":78,"column":45}},"skip":true},"6":{"name":"(anonymous_6)","line":123,"loc":{"start":{"line":123,"column":33},"end":{"line":123,"column":48}},"skip":true},"7":{"name":"(anonymous_7)","line":125,"loc":{"start":{"line":125,"column":27},"end":{"line":125,"column":39}},"skip":true},"8":{"name":"(anonymous_8)","line":133,"loc":{"start":{"line":133,"column":59},"end":{"line":133,"column":74}},"skip":true},"9":{"name":"(anonymous_9)","line":143,"loc":{"start":{"line":143,"column":45},"end":{"line":143,"column":62}},"skip":true},"10":{"name":"(anonymous_10)","line":144,"loc":{"start":{"line":144,"column":73},"end":{"line":144,"column":92}},"skip":true},"11":{"name":"(anonymous_11)","line":272,"loc":{"start":{"line":272,"column":51},"end":{"line":272,"column":77}},"skip":true},"12":{"name":"(anonymous_12)","line":314,"loc":{"start":{"line":314,"column":32},"end":{"line":314,"column":61}},"skip":true}},"statementMap":{"1":{"start":{"line":26,"column":0},"end":{"line":325,"column":5}},"2":{"start":{"line":28,"column":4},"end":{"line":28,"column":14}},"3":{"start":{"line":33,"column":4},"end":{"line":60,"column":9}},"4":{"start":{"line":35,"column":8},"end":{"line":35,"column":19}},"5":{"start":{"line":37,"column":8},"end":{"line":49,"column":13}},"6":{"start":{"line":38,"column":12},"end":{"line":48,"column":13}},"7":{"start":{"line":39,"column":16},"end":{"line":42,"column":30}},"8":{"start":{"line":44,"column":16},"end":{"line":47,"column":27}},"9":{"start":{"line":51,"column":8},"end":{"line":53,"column":21}},"10":{"start":{"line":55,"column":8},"end":{"line":57,"column":45}},"11":{"start":{"line":59,"column":8},"end":{"line":59,"column":35}},"12":{"start":{"line":61,"column":4},"end":{"line":324,"column":5}},"13":{"start":{"line":69,"column":8},"end":{"line":121,"column":10},"skip":true},"14":{"start":{"line":70,"column":12},"end":{"line":88,"column":13},"skip":true},"15":{"start":{"line":76,"column":16},"end":{"line":87,"column":19},"skip":true},"16":{"start":{"line":79,"column":20},"end":{"line":86,"column":21},"skip":true},"17":{"start":{"line":82,"column":24},"end":{"line":82,"column":43},"skip":true},"18":{"start":{"line":83,"column":24},"end":{"line":83,"column":30},"skip":true},"19":{"start":{"line":85,"column":24},"end":{"line":85,"column":49},"skip":true},"20":{"start":{"line":89,"column":12},"end":{"line":107,"column":13},"skip":true},"21":{"start":{"line":92,"column":16},"end":{"line":102,"column":17},"skip":true},"22":{"start":{"line":93,"column":20},"end":{"line":93,"column":86},"skip":true},"23":{"start":{"line":94,"column":20},"end":{"line":95,"column":45},"skip":true},"24":{"start":{"line":96,"column":20},"end":{"line":96,"column":42},"skip":true},"25":{"start":{"line":97,"column":20},"end":{"line":97,"column":48},"skip":true},"26":{"start":{"line":100,"column":20},"end":{"line":100,"column":85},"skip":true},"27":{"start":{"line":101,"column":20},"end":{"line":101,"column":96},"skip":true},"28":{"start":{"line":103,"column":16},"end":{"line":103,"column":22},"skip":true},"29":{"start":{"line":106,"column":16},"end":{"line":106,"column":22},"skip":true},"30":{"start":{"line":108,"column":12},"end":{"line":120,"column":13},"skip":true},"31":{"start":{"line":114,"column":16},"end":{"line":119,"column":17},"skip":true},"32":{"start":{"line":116,"column":20},"end":{"line":116,"column":78},"skip":true},"33":{"start":{"line":118,"column":20},"end":{"line":118,"column":47},"skip":true},"34":{"start":{"line":123,"column":8},"end":{"line":141,"column":11},"skip":true},"35":{"start":{"line":124,"column":12},"end":{"line":124,"column":54},"skip":true},"36":{"start":{"line":125,"column":12},"end":{"line":140,"column":14},"skip":true},"37":{"start":{"line":126,"column":16},"end":{"line":126,"column":28},"skip":true},"38":{"start":{"line":127,"column":16},"end":{"line":127,"column":69},"skip":true},"39":{"start":{"line":128,"column":16},"end":{"line":128,"column":75},"skip":true},"40":{"start":{"line":129,"column":16},"end":{"line":131,"column":17},"skip":true},"41":{"start":{"line":130,"column":20},"end":{"line":130,"column":27},"skip":true},"42":{"start":{"line":133,"column":16},"end":{"line":137,"column":36},"skip":true},"43":{"start":{"line":134,"column":20},"end":{"line":136,"column":55},"skip":true},"44":{"start":{"line":139,"column":16},"end":{"line":139,"column":57},"skip":true},"45":{"start":{"line":143,"column":8},"end":{"line":147,"column":11},"skip":true},"46":{"start":{"line":144,"column":12},"end":{"line":146,"column":15},"skip":true},"47":{"start":{"line":145,"column":16},"end":{"line":145,"column":70},"skip":true},"48":{"start":{"line":149,"column":8},"end":{"line":149,"column":31},"skip":true},"49":{"start":{"line":150,"column":8},"end":{"line":150,"column":14},"skip":true},"50":{"start":{"line":158,"column":8},"end":{"line":158,"column":31},"skip":true},"51":{"start":{"line":160,"column":8},"end":{"line":160,"column":33},"skip":true},"52":{"start":{"line":161,"column":8},"end":{"line":161,"column":37},"skip":true},"53":{"start":{"line":162,"column":8},"end":{"line":162,"column":35},"skip":true},"54":{"start":{"line":164,"column":8},"end":{"line":164,"column":50},"skip":true},"55":{"start":{"line":166,"column":8},"end":{"line":256,"column":2},"skip":true},"56":{"start":{"line":258,"column":8},"end":{"line":286,"column":9},"skip":true},"57":{"start":{"line":259,"column":12},"end":{"line":269,"column":14},"skip":true},"58":{"start":{"line":271,"column":12},"end":{"line":285,"column":19},"skip":true},"59":{"start":{"line":274,"column":20},"end":{"line":274,"column":35},"skip":true},"60":{"start":{"line":275,"column":20},"end":{"line":284,"column":21},"skip":true},"61":{"start":{"line":277,"column":24},"end":{"line":277,"column":64},"skip":true},"62":{"start":{"line":279,"column":24},"end":{"line":279,"column":40},"skip":true},"63":{"start":{"line":281,"column":24},"end":{"line":281,"column":40},"skip":true},"64":{"start":{"line":283,"column":24},"end":{"line":283,"column":39},"skip":true},"65":{"start":{"line":288,"column":8},"end":{"line":290,"column":9},"skip":true},"66":{"start":{"line":289,"column":12},"end":{"line":289,"column":18},"skip":true},"67":{"start":{"line":291,"column":8},"end":{"line":293,"column":54},"skip":true},"68":{"start":{"line":294,"column":8},"end":{"line":301,"column":37},"skip":true},"69":{"start":{"line":302,"column":8},"end":{"line":302,"column":82},"skip":true},"70":{"start":{"line":305,"column":8},"end":{"line":307,"column":9},"skip":true},"71":{"start":{"line":306,"column":12},"end":{"line":306,"column":82},"skip":true},"72":{"start":{"line":309,"column":8},"end":{"line":311,"column":9},"skip":true},"73":{"start":{"line":310,"column":12},"end":{"line":310,"column":18},"skip":true},"74":{"start":{"line":312,"column":8},"end":{"line":312,"column":54},"skip":true},"75":{"start":{"line":313,"column":8},"end":{"line":313,"column":69},"skip":true},"76":{"start":{"line":314,"column":8},"end":{"line":322,"column":36},"skip":true},"77":{"start":{"line":315,"column":12},"end":{"line":315,"column":61},"skip":true},"78":{"start":{"line":316,"column":12},"end":{"line":319,"column":13},"skip":true},"79":{"start":{"line":317,"column":16},"end":{"line":317,"column":75},"skip":true},"80":{"start":{"line":318,"column":16},"end":{"line":318,"column":23},"skip":true},"81":{"start":{"line":320,"column":12},"end":{"line":320,"column":38},"skip":true},"82":{"start":{"line":321,"column":12},"end":{"line":321,"column":27},"skip":true},"83":{"start":{"line":323,"column":8},"end":{"line":323,"column":14},"skip":true}},"branchMap":{"1":{"line":39,"type":"binary-expr","locations":[{"start":{"line":39,"column":23},"end":{"line":39,"column":62}},{"start":{"line":40,"column":20},"end":{"line":40,"column":70}},{"start":{"line":41,"column":20},"end":{"line":41,"column":71}},{"start":{"line":42,"column":20},"end":{"line":42,"column":29}}]},"2":{"line":44,"type":"binary-expr","locations":[{"start":{"line":44,"column":23},"end":{"line":44,"column":37}},{"start":{"line":45,"column":20},"end":{"line":45,"column":61}},{"start":{"line":46,"column":20},"end":{"line":46,"column":70}},{"start":{"line":47,"column":20},"end":{"line":47,"column":26}}]},"3":{"line":51,"type":"cond-expr","locations":[{"start":{"line":52,"column":14},"end":{"line":52,"column":20}},{"start":{"line":53,"column":14},"end":{"line":53,"column":20}}]},"4":{"line":55,"type":"binary-expr","locations":[{"start":{"line":55,"column":16},"end":{"line":55,"column":44}},{"start":{"line":55,"column":49},"end":{"line":57,"column":43}}]},"5":{"line":55,"type":"cond-expr","locations":[{"start":{"line":56,"column":14},"end":{"line":56,"column":51}},{"start":{"line":57,"column":14},"end":{"line":57,"column":43}}]},"6":{"line":61,"type":"switch","locations":[{"start":{"line":68,"column":4},"end":{"line":150,"column":14},"skip":true},{"start":{"line":156,"column":4},"end":{"line":323,"column":14},"skip":true}]},"7":{"line":70,"type":"if","locations":[{"start":{"line":70,"column":12},"end":{"line":70,"column":12},"skip":true},{"start":{"line":70,"column":12},"end":{"line":70,"column":12},"skip":true}]},"8":{"line":70,"type":"binary-expr","locations":[{"start":{"line":70,"column":16},"end":{"line":70,"column":22},"skip":true},{"start":{"line":70,"column":27},"end":{"line":70,"column":32},"skip":true},{"start":{"line":71,"column":20},"end":{"line":71,"column":39},"skip":true},{"start":{"line":72,"column":20},"end":{"line":72,"column":49},"skip":true},{"start":{"line":73,"column":20},"end":{"line":73,"column":58},"skip":true},{"start":{"line":74,"column":20},"end":{"line":74,"column":69},"skip":true}]},"9":{"line":79,"type":"switch","locations":[{"start":{"line":80,"column":20},"end":{"line":80,"column":33},"skip":true},{"start":{"line":81,"column":20},"end":{"line":83,"column":30},"skip":true},{"start":{"line":84,"column":20},"end":{"line":85,"column":49},"skip":true}]},"10":{"line":89,"type":"switch","locations":[{"start":{"line":90,"column":12},"end":{"line":103,"column":22},"skip":true},{"start":{"line":105,"column":12},"end":{"line":106,"column":22},"skip":true}]},"11":{"line":89,"type":"binary-expr","locations":[{"start":{"line":89,"column":20},"end":{"line":89,"column":25},"skip":true},{"start":{"line":89,"column":29},"end":{"line":89,"column":48},"skip":true},{"start":{"line":89,"column":52},"end":{"line":89,"column":74},"skip":true}]},"12":{"line":92,"type":"if","locations":[{"start":{"line":92,"column":16},"end":{"line":92,"column":16},"skip":true},{"start":{"line":92,"column":16},"end":{"line":92,"column":16},"skip":true}]},"13":{"line":108,"type":"if","locations":[{"start":{"line":108,"column":12},"end":{"line":108,"column":12},"skip":true},{"start":{"line":108,"column":12},"end":{"line":108,"column":12},"skip":true}]},"14":{"line":108,"type":"binary-expr","locations":[{"start":{"line":108,"column":16},"end":{"line":108,"column":61},"skip":true},{"start":{"line":108,"column":66},"end":{"line":108,"column":72},"skip":true},{"start":{"line":108,"column":77},"end":{"line":108,"column":82},"skip":true},{"start":{"line":109,"column":20},"end":{"line":109,"column":39},"skip":true},{"start":{"line":110,"column":20},"end":{"line":110,"column":49},"skip":true},{"start":{"line":111,"column":20},"end":{"line":111,"column":58},"skip":true},{"start":{"line":112,"column":20},"end":{"line":112,"column":68},"skip":true}]},"15":{"line":129,"type":"if","locations":[{"start":{"line":129,"column":16},"end":{"line":129,"column":16},"skip":true},{"start":{"line":129,"column":16},"end":{"line":129,"column":16},"skip":true}]},"16":{"line":134,"type":"cond-expr","locations":[{"start":{"line":135,"column":26},"end":{"line":135,"column":29},"skip":true},{"start":{"line":136,"column":26},"end":{"line":136,"column":54},"skip":true}]},"17":{"line":164,"type":"binary-expr","locations":[{"start":{"line":164,"column":27},"end":{"line":164,"column":43},"skip":true},{"start":{"line":164,"column":47},"end":{"line":164,"column":49},"skip":true}]},"18":{"line":258,"type":"if","locations":[{"start":{"line":258,"column":8},"end":{"line":258,"column":8},"skip":true},{"start":{"line":258,"column":8},"end":{"line":258,"column":8},"skip":true}]},"19":{"line":275,"type":"switch","locations":[{"start":{"line":276,"column":20},"end":{"line":277,"column":64},"skip":true},{"start":{"line":278,"column":20},"end":{"line":279,"column":40},"skip":true},{"start":{"line":280,"column":20},"end":{"line":281,"column":40},"skip":true},{"start":{"line":282,"column":20},"end":{"line":283,"column":39},"skip":true}]},"20":{"line":288,"type":"if","locations":[{"start":{"line":288,"column":8},"end":{"line":288,"column":8},"skip":true},{"start":{"line":288,"column":8},"end":{"line":288,"column":8},"skip":true}]},"21":{"line":288,"type":"binary-expr","locations":[{"start":{"line":288,"column":12},"end":{"line":288,"column":40},"skip":true},{"start":{"line":288,"column":44},"end":{"line":288,"column":67},"skip":true}]},"22":{"line":292,"type":"binary-expr","locations":[{"start":{"line":292,"column":12},"end":{"line":292,"column":50},"skip":true},{"start":{"line":293,"column":12},"end":{"line":293,"column":53},"skip":true}]},"23":{"line":295,"type":"binary-expr","locations":[{"start":{"line":295,"column":12},"end":{"line":295,"column":65},"skip":true},{"start":{"line":296,"column":12},"end":{"line":301,"column":36},"skip":true}]},"24":{"line":302,"type":"binary-expr","locations":[{"start":{"line":302,"column":43},"end":{"line":302,"column":75},"skip":true},{"start":{"line":302,"column":79},"end":{"line":302,"column":81},"skip":true}]},"25":{"line":305,"type":"if","locations":[{"start":{"line":305,"column":8},"end":{"line":305,"column":8},"skip":true},{"start":{"line":305,"column":8},"end":{"line":305,"column":8},"skip":true}]},"26":{"line":309,"type":"if","locations":[{"start":{"line":309,"column":8},"end":{"line":309,"column":8},"skip":true},{"start":{"line":309,"column":8},"end":{"line":309,"column":8},"skip":true}]},"27":{"line":312,"type":"binary-expr","locations":[{"start":{"line":312,"column":27},"end":{"line":312,"column":43},"skip":true},{"start":{"line":312,"column":47},"end":{"line":312,"column":53},"skip":true}]},"28":{"line":316,"type":"if","locations":[{"start":{"line":316,"column":12},"end":{"line":316,"column":12},"skip":true},{"start":{"line":316,"column":12},"end":{"line":316,"column":12},"skip":true}]}},"code":["/*","example.js","","quickstart example","","instruction","    1. save this script as example.js","    2. run the shell command:","        $ npm install npmtest-caminte && PORT=8081 node example.js","    3. play with the browser-demo on http://127.0.0.1:8081","*/","","","","/* istanbul instrument in package npmtest_caminte */","/*jslint","    bitwise: true,","    browser: true,","    maxerr: 8,","    maxlen: 96,","    node: true,","    nomen: true,","    regexp: true,","    stupid: true","*/","(function () {","    'use strict';","    var local;","","","","    // run shared js-env code - pre-init","    (function () {","        // init local","        local = {};","        // init modeJs","        local.modeJs = (function () {","            try {","                return typeof navigator.userAgent === 'string' &&","                    typeof document.querySelector('body') === 'object' &&","                    typeof XMLHttpRequest.prototype.open === 'function' &&","                    'browser';","            } catch (errorCaughtBrowser) {","                return module.exports &&","                    typeof process.versions.node === 'string' &&","                    typeof require('http').createServer === 'function' &&","                    'node';","            }","        }());","        // init global","        local.global = local.modeJs === 'browser'","            ? window","            : global;","        // init utility2_rollup","        local = local.global.utility2_rollup || (local.modeJs === 'browser'","            ? local.global.utility2_npmtest_caminte","            : global.utility2_moduleExports);","        // export local","        local.global.local = local;","    }());","    switch (local.modeJs) {","","","","    // post-init","    // run browser js-env code - post-init","    /* istanbul ignore next */","    case 'browser':","        local.testRunBrowser = function (event) {","            if (!event || (event &&","                    event.currentTarget &&","                    event.currentTarget.className &&","                    event.currentTarget.className.includes &&","                    event.currentTarget.className.includes('onreset'))) {","                // reset output","                Array.from(","                    document.querySelectorAll('body > .resettable')","                ).forEach(function (element) {","                    switch (element.tagName) {","                    case 'INPUT':","                    case 'TEXTAREA':","                        element.value = '';","                        break;","                    default:","                        element.textContent = '';","                    }","                });","            }","            switch (event && event.currentTarget && event.currentTarget.id) {","            case 'testRunButton1':","                // show tests","                if (document.querySelector('#testReportDiv1').style.display === 'none') {","                    document.querySelector('#testReportDiv1').style.display = 'block';","                    document.querySelector('#testRunButton1').textContent =","                        'hide internal test';","                    local.modeTest = true;","                    local.testRunDefault(local);","                // hide tests","                } else {","                    document.querySelector('#testReportDiv1').style.display = 'none';","                    document.querySelector('#testRunButton1').textContent = 'run internal test';","                }","                break;","            // custom-case","            default:","                break;","            }","            if (document.querySelector('#inputTextareaEval1') && (!event || (event &&","                    event.currentTarget &&","                    event.currentTarget.className &&","                    event.currentTarget.className.includes &&","                    event.currentTarget.className.includes('oneval')))) {","                // try to eval input-code","                try {","                    /*jslint evil: true*/","                    eval(document.querySelector('#inputTextareaEval1').value);","                } catch (errorCaught) {","                    console.error(errorCaught);","                }","            }","        };","        // log stderr and stdout to #outputTextareaStdout1","        ['error', 'log'].forEach(function (key) {","            console[key + '_original'] = console[key];","            console[key] = function () {","                var element;","                console[key + '_original'].apply(console, arguments);","                element = document.querySelector('#outputTextareaStdout1');","                if (!element) {","                    return;","                }","                // append text to #outputTextareaStdout1","                element.value += Array.from(arguments).map(function (arg) {","                    return typeof arg === 'string'","                        ? arg","                        : JSON.stringify(arg, null, 4);","                }).join(' ') + '\\n';","                // scroll textarea to bottom","                element.scrollTop = element.scrollHeight;","            };","        });","        // init event-handling","        ['change', 'click', 'keyup'].forEach(function (event) {","            Array.from(document.querySelectorAll('.on' + event)).forEach(function (element) {","                element.addEventListener(event, local.testRunBrowser);","            });","        });","        // run tests","        local.testRunBrowser();","        break;","","","","    // run node js-env code - post-init","    /* istanbul ignore next */","    case 'node':","        // export local","        module.exports = local;","        // require modules","        local.fs = require('fs');","        local.http = require('http');","        local.url = require('url');","        // init assets","        local.assetsDict = local.assetsDict || {};","        /* jslint-ignore-begin */","        local.assetsDict['/assets.index.template.html'] = '\\","<!doctype html>\\n\\","<html lang=\"en\">\\n\\","<head>\\n\\","<meta charset=\"UTF-8\">\\n\\","<meta name=\"viewport\" content=\"width=device-width, initial-scale=1\">\\n\\","<title>{{env.npm_package_name}} (v{{env.npm_package_version}})</title>\\n\\","<style>\\n\\","/*csslint\\n\\","    box-sizing: false,\\n\\","    universal-selector: false\\n\\","*/\\n\\","* {\\n\\","    box-sizing: border-box;\\n\\","}\\n\\","body {\\n\\","    background: #dde;\\n\\","    font-family: Arial, Helvetica, sans-serif;\\n\\","    margin: 2rem;\\n\\","}\\n\\","body > * {\\n\\","    margin-bottom: 1rem;\\n\\","}\\n\\",".utility2FooterDiv {\\n\\","    margin-top: 20px;\\n\\","    text-align: center;\\n\\","}\\n\\","</style>\\n\\","<style>\\n\\","/*csslint\\n\\","*/\\n\\","textarea {\\n\\","    font-family: monospace;\\n\\","    height: 10rem;\\n\\","    width: 100%;\\n\\","}\\n\\","textarea[readonly] {\\n\\","    background: #ddd;\\n\\","}\\n\\","</style>\\n\\","</head>\\n\\","<body>\\n\\","<!-- utility2-comment\\n\\","<div id=\"ajaxProgressDiv1\" style=\"background: #d00; height: 2px; left: 0; margin: 0; padding: 0; position: fixed; top: 0; transition: background 0.5s, width 1.5s; width: 25%;\"></div>\\n\\","utility2-comment -->\\n\\","<h1>\\n\\","<!-- utility2-comment\\n\\","    <a\\n\\","        {{#if env.npm_package_homepage}}\\n\\","        href=\"{{env.npm_package_homepage}}\"\\n\\","        {{/if env.npm_package_homepage}}\\n\\","        target=\"_blank\"\\n\\","    >\\n\\","utility2-comment -->\\n\\","        {{env.npm_package_name}} (v{{env.npm_package_version}})\\n\\","<!-- utility2-comment\\n\\","    </a>\\n\\","utility2-comment -->\\n\\","</h1>\\n\\","<h3>{{env.npm_package_description}}</h3>\\n\\","<!-- utility2-comment\\n\\","<h4><a download href=\"assets.app.js\">download standalone app</a></h4>\\n\\","<button class=\"onclick onreset\" id=\"testRunButton1\">run internal test</button><br>\\n\\","<div id=\"testReportDiv1\" style=\"display: none;\"></div>\\n\\","utility2-comment -->\\n\\","\\n\\","\\n\\","\\n\\","<label>stderr and stdout</label>\\n\\","<textarea class=\"resettable\" id=\"outputTextareaStdout1\" readonly></textarea>\\n\\","<!-- utility2-comment\\n\\","{{#if isRollup}}\\n\\","<script src=\"assets.app.js\"></script>\\n\\","{{#unless isRollup}}\\n\\","utility2-comment -->\\n\\","<script src=\"assets.utility2.rollup.js\"></script>\\n\\","<script src=\"jsonp.utility2._stateInit?callback=window.utility2._stateInit\"></script>\\n\\","<script src=\"assets.npmtest_caminte.rollup.js\"></script>\\n\\","<script src=\"assets.example.js\"></script>\\n\\","<script src=\"assets.test.js\"></script>\\n\\","<!-- utility2-comment\\n\\","{{/if isRollup}}\\n\\","utility2-comment -->\\n\\","<div class=\"utility2FooterDiv\">\\n\\","    [ this app was created with\\n\\","    <a href=\"https://github.com/kaizhu256/node-utility2\" target=\"_blank\">utility2</a>\\n\\","    ]\\n\\","</div>\\n\\","</body>\\n\\","</html>\\n\\","';","        /* jslint-ignore-end */","        if (local.templateRender) {","            local.assetsDict['/'] = local.templateRender(","                local.assetsDict['/assets.index.template.html'],","                {","                    env: local.objectSetDefault(local.env, {","                        npm_package_description: 'the greatest app in the world!',","                        npm_package_name: 'my-app',","                        npm_package_nameAlias: 'my_app',","                        npm_package_version: '0.0.1'","                    })","                }","            );","        } else {","            local.assetsDict['/'] = local.assetsDict['/assets.index.template.html']","                .replace((/\\{\\{env\\.(\\w+?)\\}\\}/g), function (match0, match1) {","                    // jslint-hack","                    String(match0);","                    switch (match1) {","                    case 'npm_package_description':","                        return 'the greatest app in the world!';","                    case 'npm_package_name':","                        return 'my-app';","                    case 'npm_package_nameAlias':","                        return 'my_app';","                    case 'npm_package_version':","                        return '0.0.1';","                    }","                });","        }","        // run the cli","        if (local.global.utility2_rollup || module !== require.main) {","            break;","        }","        local.assetsDict['/assets.example.js'] =","            local.assetsDict['/assets.example.js'] ||","            local.fs.readFileSync(__filename, 'utf8');","        local.assetsDict['/assets.npmtest_caminte.rollup.js'] =","            local.assetsDict['/assets.npmtest_caminte.rollup.js'] ||","            local.fs.readFileSync(","                // buildCustomOrg-hack","                local.npmtest_caminte.__dirname +","                    '/lib.npmtest_caminte.js',","                'utf8'","            ).replace((/^#!/), '//');","        local.assetsDict['/favicon.ico'] = local.assetsDict['/favicon.ico'] || '';","        // if $npm_config_timeout_exit exists,","        // then exit this process after $npm_config_timeout_exit ms","        if (Number(process.env.npm_config_timeout_exit)) {","            setTimeout(process.exit, Number(process.env.npm_config_timeout_exit));","        }","        // start server","        if (local.global.utility2_serverHttp1) {","            break;","        }","        process.env.PORT = process.env.PORT || '8081';","        console.error('server starting on port ' + process.env.PORT);","        local.http.createServer(function (request, response) {","            request.urlParsed = local.url.parse(request.url);","            if (local.assetsDict[request.urlParsed.pathname] !== undefined) {","                response.end(local.assetsDict[request.urlParsed.pathname]);","                return;","            }","            response.statusCode = 404;","            response.end();","        }).listen(process.env.PORT);","        break;","    }","}());",""],"l":{"26":2,"28":2,"33":2,"35":2,"37":2,"38":2,"39":2,"44":1,"51":2,"55":2,"59":2,"61":2,"69":1,"70":2,"76":2,"79":2,"82":2,"83":2,"85":1,"89":2,"92":1,"93":1,"94":1,"96":1,"97":1,"100":1,"101":1,"103":1,"106":1,"108":2,"114":1,"116":1,"118":1,"123":1,"124":2,"125":2,"126":2,"127":2,"128":2,"129":2,"130":1,"133":2,"134":2,"139":2,"143":1,"144":3,"145":1,"149":1,"150":1,"158":1,"160":1,"161":1,"162":1,"164":1,"166":1,"258":1,"259":1,"271":1,"274":6,"275":6,"277":1,"279":2,"281":1,"283":2,"288":1,"289":1,"291":1,"294":1,"302":1,"305":1,"306":1,"309":1,"310":1,"312":1,"313":1,"314":1,"315":1,"316":1,"317":1,"318":1,"320":1,"321":1,"323":1}},"/home/travis/build/npmtest/node-npmtest-caminte/node_modules/caminte/index.js":{"path":"/home/travis/build/npmtest/node-npmtest-caminte/node_modules/caminte/index.js","s":{"1":1,"2":1,"3":1,"4":1,"5":1,"6":1,"7":1,"8":1,"9":1,"10":1,"11":2,"12":1,"13":0,"14":0,"15":0,"16":1,"17":0,"18":1,"19":1,"20":2},"b":{"1":[0,0]},"f":{"1":2,"2":0,"3":0,"4":2},"fnMap":{"1":{"name":"(anonymous_1)","line":14,"loc":{"start":{"line":14,"column":36},"end":{"line":14,"column":48}}},"2":{"name":"(anonymous_2)","line":18,"loc":{"start":{"line":18,"column":15},"end":{"line":18,"column":33}}},"3":{"name":"(anonymous_3)","line":26,"loc":{"start":{"line":26,"column":16},"end":{"line":26,"column":31}}},"4":{"name":"(anonymous_4)","line":32,"loc":{"start":{"line":32,"column":33},"end":{"line":32,"column":45}}}},"statementMap":{"1":{"start":{"line":4,"column":0},"end":{"line":4,"column":37}},"2":{"start":{"line":5,"column":0},"end":{"line":5,"column":31}},"3":{"start":{"line":6,"column":0},"end":{"line":6,"column":42}},"4":{"start":{"line":7,"column":0},"end":{"line":7,"column":39}},"5":{"start":{"line":8,"column":0},"end":{"line":8,"column":27}},"6":{"start":{"line":10,"column":0},"end":{"line":10,"column":29}},"7":{"start":{"line":11,"column":0},"end":{"line":11,"column":24}},"8":{"start":{"line":12,"column":0},"end":{"line":12,"column":42}},"9":{"start":{"line":13,"column":0},"end":{"line":13,"column":38}},"10":{"start":{"line":14,"column":0},"end":{"line":16,"column":3}},"11":{"start":{"line":15,"column":4},"end":{"line":15,"column":32}},"12":{"start":{"line":18,"column":0},"end":{"line":24,"column":2}},"13":{"start":{"line":19,"column":4},"end":{"line":23,"column":5}},"14":{"start":{"line":20,"column":8},"end":{"line":20,"column":36}},"15":{"start":{"line":22,"column":8},"end":{"line":22,"column":84}},"16":{"start":{"line":26,"column":0},"end":{"line":28,"column":2}},"17":{"start":{"line":27,"column":4},"end":{"line":27,"column":50}},"18":{"start":{"line":30,"column":0},"end":{"line":30,"column":30}},"19":{"start":{"line":32,"column":0},"end":{"line":34,"column":3}},"20":{"start":{"line":33,"column":4},"end":{"line":33,"column":46}}},"branchMap":{"1":{"line":19,"type":"if","locations":[{"start":{"line":19,"column":4},"end":{"line":19,"column":4}},{"start":{"line":19,"column":4},"end":{"line":19,"column":4}}]}},"code":["/**"," * Module dependencies"," */","var schema = require('./lib/schema');","var pkg = require('./package');","var abc = require('./lib/abstract-class');","var vld = require('./lib/validatable');","var Schema = schema.Schema;","","exports.schema = {models:{}};","exports.Schema = Schema;","exports.AbstractClass = abc.AbstractClass;","exports.Validatable = vld.Validatable;","exports.__defineGetter__('BaseSQL', function () {","    return require('./lib/sql');","});","","exports.init = function (trinte) {","    if (global.trinte) {","        global.trinte.orm = exports;","    } else {","        trinte.orm = {Schema: exports.Schema, AbstractClass: exports.AbstractClass};","    }","};","","exports.model = function (name){","    return this.schema.models[name.toLowerCase()];","};","","exports.version = pkg.version;","","exports.__defineGetter__('test', function () {","    return require('./tmp/tests/common_test');","});",""],"l":{"4":1,"5":1,"6":1,"7":1,"8":1,"10":1,"11":1,"12":1,"13":1,"14":1,"15":2,"18":1,"19":0,"20":0,"22":0,"26":1,"27":0,"30":1,"32":1,"33":2}},"/home/travis/build/npmtest/node-npmtest-caminte/node_modules/caminte/lib/schema.js":{"path":"/home/travis/build/npmtest/node-npmtest-caminte/node_modules/caminte/lib/schema.js","s":{"1":1,"2":1,"3":1,"4":1,"5":1,"6":1,"7":1,"8":1,"9":1,"10":1,"11":1,"12":1,"13":0,"14":0,"15":0,"16":0,"17":0,"18":0,"19":0,"20":0,"21":0,"22":0,"23":0,"24":0,"25":0,"26":0,"27":0,"28":0,"29":0,"30":0,"31":0,"32":0,"33":0,"34":0,"35":0,"36":0,"37":0,"38":0,"39":0,"40":0,"41":0,"42":0,"43":0,"44":0,"45":0,"46":0,"47":0,"48":0,"49":0,"50":0,"51":0,"52":0,"53":0,"54":0,"55":0,"56":0,"57":0,"58":0,"59":0,"60":0,"61":0,"62":0,"63":0,"64":0,"65":0,"66":0,"67":0,"68":0,"69":0,"70":1,"71":1,"72":1,"73":1,"74":0,"75":0,"76":0,"77":0,"78":0,"79":0,"80":0,"81":0,"82":0,"83":0,"84":0,"85":0,"86":0,"87":0,"88":0,"89":0,"90":0,"91":0,"92":0,"93":0,"94":0,"95":0,"96":0,"97":0,"98":0,"99":0,"100":0,"101":0,"102":0,"103":0,"104":0,"105":0,"106":0,"107":0,"108":0,"109":0,"110":0,"111":0,"112":0,"113":0,"114":0,"115":0,"116":0,"117":0,"118":0,"119":0,"120":0,"121":0,"122":1,"123":0,"124":0,"125":0,"126":0,"127":1,"128":0,"129":0,"130":0,"131":0,"132":1,"133":0,"134":0,"135":0,"136":0,"137":0,"138":1,"139":0,"140":0,"141":0,"142":0,"143":0,"144":1,"145":0,"146":0,"147":0,"148":0,"149":0,"150":1,"151":0,"152":0,"153":0,"154":0,"155":0,"156":1,"157":0,"158":1,"159":0,"160":0,"161":1,"162":0,"163":1,"164":0,"165":0,"166":0,"167":0,"168":0,"169":0,"170":0,"171":0,"172":0,"173":1,"174":0,"175":0,"176":0,"177":0,"178":0,"179":0,"180":1,"181":0,"182":0,"183":0,"184":0,"185":0,"186":0,"187":1,"188":0,"189":0,"190":0,"191":0,"192":0,"193":0,"194":1,"195":0,"196":0,"197":0,"198":1,"199":0,"200":0,"201":1,"202":0,"203":0,"204":0,"205":0,"206":0,"207":0,"208":0,"209":0,"210":1,"211":0,"212":1,"213":0},"b":{"1":[1,0],"2":[0,0],"3":[0,0,0,0,0,0,0,0],"4":[0,0],"5":[0,0],"6":[0,0],"7":[0,0],"8":[0,0],"9":[0,0],"10":[0,0],"11":[0,0],"12":[0,0],"13":[0,0],"14":[0,0],"15":[0,0],"16":[0,0],"17":[0,0],"18":[0,0],"19":[0,0,0,0],"20":[0,0],"21":[0,0],"22":[0,0],"23":[0,0],"24":[0,0],"25":[0,0],"26":[0,0],"27":[0,0],"28":[0,0],"29":[0,0],"30":[0,0],"31":[0,0],"32":[0,0],"33":[0,0],"34":[0,0],"35":[0,0],"36":[0,0],"37":[0,0],"38":[0,0],"39":[0,0],"40":[0,0],"41":[0,0]},"f":{"1":0,"2":0,"3":0,"4":0,"5":0,"6":0,"7":0,"8":0,"9":0,"10":0,"11":0,"12":0,"13":0,"14":0,"15":0,"16":0,"17":0,"18":0,"19":0,"20":0,"21":0,"22":0,"23":0,"24":0,"25":0,"26":0,"27":0,"28":0,"29":0,"30":0,"31":0,"32":0,"33":0,"34":0,"35":0,"36":0,"37":0,"38":0,"39":0,"40":0,"41":0,"42":0,"43":0,"44":0,"45":0,"46":0,"47":0,"48":0,"49":0,"50":0},"fnMap":{"1":{"name":"Schema","line":50,"loc":{"start":{"line":50,"column":0},"end":{"line":50,"column":32}}},"2":{"name":"Text","line":87,"loc":{"start":{"line":87,"column":18},"end":{"line":87,"column":34}}},"3":{"name":"JSON","line":89,"loc":{"start":{"line":89,"column":32},"end":{"line":89,"column":48}}},"4":{"name":"Float","line":91,"loc":{"start":{"line":91,"column":19},"end":{"line":91,"column":36}}},"5":{"name":"Real","line":93,"loc":{"start":{"line":93,"column":34},"end":{"line":93,"column":50}}},"6":{"name":"Integer","line":95,"loc":{"start":{"line":95,"column":34},"end":{"line":95,"column":53}}},"7":{"name":"UUID","line":97,"loc":{"start":{"line":97,"column":32},"end":{"line":97,"column":48}}},"8":{"name":"TimeUUID","line":99,"loc":{"start":{"line":99,"column":40},"end":{"line":99,"column":60}}},"9":{"name":"CounterColumn","line":101,"loc":{"start":{"line":101,"column":27},"end":{"line":101,"column":52}}},"10":{"name":"Blob","line":103,"loc":{"start":{"line":103,"column":33},"end":{"line":103,"column":49}}},"11":{"name":"(anonymous_11)","line":131,"loc":{"start":{"line":131,"column":31},"end":{"line":131,"column":43}}},"12":{"name":"(anonymous_12)","line":138,"loc":{"start":{"line":138,"column":29},"end":{"line":138,"column":53}}},"13":{"name":"(anonymous_13)","line":142,"loc":{"start":{"line":142,"column":32},"end":{"line":142,"column":49}}},"14":{"name":"(anonymous_14)","line":146,"loc":{"start":{"line":146,"column":19},"end":{"line":146,"column":32}}},"15":{"name":"Text","line":162,"loc":{"start":{"line":162,"column":14},"end":{"line":162,"column":30}}},"16":{"name":"JSON","line":164,"loc":{"start":{"line":164,"column":14},"end":{"line":164,"column":30}}},"17":{"name":"defineClass","line":197,"loc":{"start":{"line":197,"column":26},"end":{"line":197,"column":80}}},"18":{"name":"ModelConstructor","line":215,"loc":{"start":{"line":215,"column":19},"end":{"line":215,"column":51}}},"19":{"name":"(anonymous_19)","line":254,"loc":{"start":{"line":254,"column":50},"end":{"line":254,"column":62}}},"20":{"name":"(anonymous_20)","line":260,"loc":{"start":{"line":260,"column":31},"end":{"line":260,"column":45}}},"21":{"name":"(anonymous_21)","line":264,"loc":{"start":{"line":264,"column":32},"end":{"line":264,"column":48}}},"22":{"name":"(anonymous_22)","line":266,"loc":{"start":{"line":266,"column":17},"end":{"line":266,"column":29}}},"23":{"name":"(anonymous_23)","line":274,"loc":{"start":{"line":274,"column":17},"end":{"line":274,"column":34}}},"24":{"name":"(anonymous_24)","line":286,"loc":{"start":{"line":286,"column":59},"end":{"line":286,"column":71}}},"25":{"name":"(anonymous_25)","line":291,"loc":{"start":{"line":291,"column":17},"end":{"line":291,"column":29}}},"26":{"name":"(anonymous_26)","line":294,"loc":{"start":{"line":294,"column":17},"end":{"line":294,"column":34}}},"27":{"name":"standartize","line":307,"loc":{"start":{"line":307,"column":0},"end":{"line":307,"column":43}}},"28":{"name":"(anonymous_28)","line":308,"loc":{"start":{"line":308,"column":36},"end":{"line":308,"column":51}}},"29":{"name":"(anonymous_29)","line":329,"loc":{"start":{"line":329,"column":34},"end":{"line":329,"column":65}}},"30":{"name":"(anonymous_30)","line":360,"loc":{"start":{"line":360,"column":31},"end":{"line":360,"column":55}}},"31":{"name":"(anonymous_31)","line":363,"loc":{"start":{"line":363,"column":31},"end":{"line":363,"column":51}}},"32":{"name":"(anonymous_32)","line":376,"loc":{"start":{"line":376,"column":31},"end":{"line":376,"column":45}}},"33":{"name":"(anonymous_33)","line":390,"loc":{"start":{"line":390,"column":30},"end":{"line":390,"column":44}}},"34":{"name":"(anonymous_34)","line":404,"loc":{"start":{"line":404,"column":28},"end":{"line":404,"column":42}}},"35":{"name":"(anonymous_35)","line":421,"loc":{"start":{"line":421,"column":23},"end":{"line":421,"column":41}}},"36":{"name":"freeze","line":428,"loc":{"start":{"line":428,"column":26},"end":{"line":428,"column":44}}},"37":{"name":"(anonymous_37)","line":438,"loc":{"start":{"line":438,"column":29},"end":{"line":438,"column":50}}},"38":{"name":"defineForeignKey","line":447,"loc":{"start":{"line":447,"column":36},"end":{"line":447,"column":78}}},"39":{"name":"(anonymous_39)","line":453,"loc":{"start":{"line":453,"column":54},"end":{"line":453,"column":78}}},"40":{"name":"begin","line":470,"loc":{"start":{"line":470,"column":25},"end":{"line":470,"column":58}}},"41":{"name":"(anonymous_41)","line":472,"loc":{"start":{"line":472,"column":19},"end":{"line":472,"column":34}}},"42":{"name":"commit","line":490,"loc":{"start":{"line":490,"column":26},"end":{"line":490,"column":60}}},"43":{"name":"(anonymous_43)","line":492,"loc":{"start":{"line":492,"column":19},"end":{"line":492,"column":34}}},"44":{"name":"rollback","line":510,"loc":{"start":{"line":510,"column":28},"end":{"line":510,"column":64}}},"45":{"name":"(anonymous_45)","line":512,"loc":{"start":{"line":512,"column":19},"end":{"line":512,"column":34}}},"46":{"name":"disconnect","line":527,"loc":{"start":{"line":527,"column":30},"end":{"line":527,"column":52}}},"47":{"name":"(anonymous_47)","line":545,"loc":{"start":{"line":545,"column":30},"end":{"line":545,"column":42}}},"48":{"name":"(anonymous_48)","line":590,"loc":{"start":{"line":590,"column":25},"end":{"line":590,"column":49}}},"49":{"name":"hiddenProperty","line":616,"loc":{"start":{"line":616,"column":0},"end":{"line":616,"column":48}}},"50":{"name":"defineReadonlyProp","line":632,"loc":{"start":{"line":632,"column":0},"end":{"line":632,"column":45}}}},"statementMap":{"1":{"start":{"line":4,"column":0},"end":{"line":4,"column":31}},"2":{"start":{"line":5,"column":0},"end":{"line":5,"column":40}},"3":{"start":{"line":6,"column":0},"end":{"line":6,"column":40}},"4":{"start":{"line":7,"column":0},"end":{"line":7,"column":30}},"5":{"start":{"line":8,"column":0},"end":{"line":8,"column":27}},"6":{"start":{"line":9,"column":0},"end":{"line":9,"column":27}},"7":{"start":{"line":10,"column":0},"end":{"line":10,"column":31}},"8":{"start":{"line":11,"column":0},"end":{"line":11,"column":23}},"9":{"start":{"line":12,"column":0},"end":{"line":12,"column":50}},"10":{"start":{"line":17,"column":0},"end":{"line":17,"column":24}},"11":{"start":{"line":22,"column":0},"end":{"line":22,"column":34}},"12":{"start":{"line":50,"column":0},"end":{"line":158,"column":1}},"13":{"start":{"line":51,"column":4},"end":{"line":51,"column":22}},"14":{"start":{"line":53,"column":4},"end":{"line":53,"column":42}},"15":{"start":{"line":54,"column":4},"end":{"line":73,"column":5}},"16":{"start":{"line":56,"column":12},"end":{"line":56,"column":29}},"17":{"start":{"line":57,"column":12},"end":{"line":57,"column":18}},"18":{"start":{"line":60,"column":12},"end":{"line":60,"column":27}},"19":{"start":{"line":61,"column":12},"end":{"line":61,"column":18}},"20":{"start":{"line":63,"column":12},"end":{"line":63,"column":29}},"21":{"start":{"line":64,"column":12},"end":{"line":64,"column":18}},"22":{"start":{"line":67,"column":12},"end":{"line":67,"column":26}},"23":{"start":{"line":68,"column":12},"end":{"line":68,"column":18}},"24":{"start":{"line":71,"column":12},"end":{"line":71,"column":31}},"25":{"start":{"line":72,"column":12},"end":{"line":72,"column":18}},"26":{"start":{"line":76,"column":4},"end":{"line":76,"column":23}},"27":{"start":{"line":77,"column":4},"end":{"line":77,"column":31}},"28":{"start":{"line":80,"column":4},"end":{"line":80,"column":29}},"29":{"start":{"line":83,"column":4},"end":{"line":83,"column":23}},"30":{"start":{"line":84,"column":4},"end":{"line":84,"column":28}},"31":{"start":{"line":87,"column":4},"end":{"line":88,"column":6}},"32":{"start":{"line":89,"column":4},"end":{"line":90,"column":6}},"33":{"start":{"line":91,"column":4},"end":{"line":92,"column":6}},"34":{"start":{"line":93,"column":4},"end":{"line":94,"column":6}},"35":{"start":{"line":95,"column":4},"end":{"line":96,"column":6}},"36":{"start":{"line":97,"column":4},"end":{"line":98,"column":6}},"37":{"start":{"line":99,"column":4},"end":{"line":100,"column":6}},"38":{"start":{"line":101,"column":4},"end":{"line":102,"column":6}},"39":{"start":{"line":103,"column":4},"end":{"line":104,"column":6}},"40":{"start":{"line":106,"column":4},"end":{"line":106,"column":42}},"41":{"start":{"line":107,"column":4},"end":{"line":107,"column":46}},"42":{"start":{"line":108,"column":4},"end":{"line":108,"column":27}},"43":{"start":{"line":109,"column":4},"end":{"line":109,"column":44}},"44":{"start":{"line":113,"column":4},"end":{"line":113,"column":16}},"45":{"start":{"line":114,"column":4},"end":{"line":129,"column":5}},"46":{"start":{"line":115,"column":8},"end":{"line":115,"column":23}},"47":{"start":{"line":116,"column":8},"end":{"line":116,"column":35}},"48":{"start":{"line":117,"column":11},"end":{"line":129,"column":5}},"49":{"start":{"line":119,"column":8},"end":{"line":119,"column":32}},"50":{"start":{"line":120,"column":11},"end":{"line":129,"column":5}},"51":{"start":{"line":122,"column":8},"end":{"line":122,"column":48}},"52":{"start":{"line":124,"column":8},"end":{"line":128,"column":9}},"53":{"start":{"line":125,"column":12},"end":{"line":125,"column":49}},"54":{"start":{"line":127,"column":12},"end":{"line":127,"column":95}},"55":{"start":{"line":131,"column":4},"end":{"line":157,"column":20}},"56":{"start":{"line":134,"column":8},"end":{"line":136,"column":9}},"57":{"start":{"line":135,"column":12},"end":{"line":135,"column":109}},"58":{"start":{"line":138,"column":8},"end":{"line":140,"column":10}},"59":{"start":{"line":139,"column":12},"end":{"line":139,"column":37}},"60":{"start":{"line":142,"column":8},"end":{"line":149,"column":10}},"61":{"start":{"line":144,"column":12},"end":{"line":144,"column":32}},"62":{"start":{"line":145,"column":12},"end":{"line":145,"column":33}},"63":{"start":{"line":146,"column":12},"end":{"line":148,"column":14}},"64":{"start":{"line":147,"column":16},"end":{"line":147,"column":36}},"65":{"start":{"line":150,"column":8},"end":{"line":150,"column":35}},"66":{"start":{"line":151,"column":8},"end":{"line":156,"column":9}},"67":{"start":{"line":152,"column":12},"end":{"line":152,"column":38}},"68":{"start":{"line":154,"column":12},"end":{"line":154,"column":36}},"69":{"start":{"line":155,"column":12},"end":{"line":155,"column":37}},"70":{"start":{"line":160,"column":0},"end":{"line":160,"column":43}},"71":{"start":{"line":162,"column":0},"end":{"line":163,"column":2}},"72":{"start":{"line":164,"column":0},"end":{"line":165,"column":2}},"73":{"start":{"line":197,"column":0},"end":{"line":305,"column":2}},"74":{"start":{"line":199,"column":4},"end":{"line":199,"column":22}},"75":{"start":{"line":200,"column":4},"end":{"line":200,"column":37}},"76":{"start":{"line":202,"column":4},"end":{"line":204,"column":5}},"77":{"start":{"line":203,"column":8},"end":{"line":203,"column":47}},"78":{"start":{"line":205,"column":4},"end":{"line":207,"column":5}},"79":{"start":{"line":206,"column":8},"end":{"line":206,"column":47}},"80":{"start":{"line":208,"column":4},"end":{"line":210,"column":5}},"81":{"start":{"line":209,"column":8},"end":{"line":209,"column":43}},"82":{"start":{"line":212,"column":4},"end":{"line":212,"column":38}},"83":{"start":{"line":215,"column":4},"end":{"line":220,"column":6}},"84":{"start":{"line":216,"column":8},"end":{"line":218,"column":9}},"85":{"start":{"line":217,"column":12},"end":{"line":217,"column":46}},"86":{"start":{"line":219,"column":8},"end":{"line":219,"column":39}},"87":{"start":{"line":222,"column":4},"end":{"line":222,"column":47}},"88":{"start":{"line":223,"column":4},"end":{"line":223,"column":53}},"89":{"start":{"line":224,"column":4},"end":{"line":224,"column":42}},"90":{"start":{"line":225,"column":4},"end":{"line":225,"column":40}},"91":{"start":{"line":226,"column":4},"end":{"line":226,"column":46}},"92":{"start":{"line":229,"column":4},"end":{"line":231,"column":5}},"93":{"start":{"line":230,"column":8},"end":{"line":230,"column":39}},"94":{"start":{"line":232,"column":4},"end":{"line":234,"column":5}},"95":{"start":{"line":233,"column":8},"end":{"line":233,"column":59}},"96":{"start":{"line":236,"column":4},"end":{"line":236,"column":25}},"97":{"start":{"line":237,"column":4},"end":{"line":237,"column":25}},"98":{"start":{"line":240,"column":4},"end":{"line":240,"column":38}},"99":{"start":{"line":241,"column":4},"end":{"line":244,"column":6}},"100":{"start":{"line":247,"column":4},"end":{"line":251,"column":7}},"101":{"start":{"line":253,"column":4},"end":{"line":258,"column":5}},"102":{"start":{"line":254,"column":8},"end":{"line":256,"column":11}},"103":{"start":{"line":255,"column":12},"end":{"line":255,"column":34}},"104":{"start":{"line":257,"column":8},"end":{"line":257,"column":56}},"105":{"start":{"line":260,"column":4},"end":{"line":262,"column":6}},"106":{"start":{"line":261,"column":8},"end":{"line":261,"column":44}},"107":{"start":{"line":264,"column":4},"end":{"line":300,"column":6}},"108":{"start":{"line":265,"column":8},"end":{"line":284,"column":11}},"109":{"start":{"line":268,"column":16},"end":{"line":272,"column":17}},"110":{"start":{"line":269,"column":20},"end":{"line":269,"column":60}},"111":{"start":{"line":271,"column":20},"end":{"line":271,"column":45}},"112":{"start":{"line":276,"column":16},"end":{"line":280,"column":17}},"113":{"start":{"line":277,"column":20},"end":{"line":277,"column":60}},"114":{"start":{"line":279,"column":20},"end":{"line":279,"column":46}},"115":{"start":{"line":286,"column":8},"end":{"line":288,"column":11}},"116":{"start":{"line":287,"column":12},"end":{"line":287,"column":40}},"117":{"start":{"line":290,"column":8},"end":{"line":299,"column":11}},"118":{"start":{"line":292,"column":16},"end":{"line":292,"column":41}},"119":{"start":{"line":295,"column":16},"end":{"line":295,"column":42}},"120":{"start":{"line":302,"column":4},"end":{"line":302,"column":56}},"121":{"start":{"line":304,"column":4},"end":{"line":304,"column":20}},"122":{"start":{"line":307,"column":0},"end":{"line":321,"column":1}},"123":{"start":{"line":308,"column":4},"end":{"line":316,"column":7}},"124":{"start":{"line":309,"column":8},"end":{"line":309,"column":32}},"125":{"start":{"line":310,"column":8},"end":{"line":315,"column":9}},"126":{"start":{"line":314,"column":12},"end":{"line":314,"column":40}},"127":{"start":{"line":329,"column":0},"end":{"line":335,"column":2}},"128":{"start":{"line":330,"column":4},"end":{"line":330,"column":54}},"129":{"start":{"line":331,"column":4},"end":{"line":331,"column":46}},"130":{"start":{"line":332,"column":4},"end":{"line":334,"column":5}},"131":{"start":{"line":333,"column":8},"end":{"line":333,"column":57}},"132":{"start":{"line":360,"column":0},"end":{"line":367,"column":2}},"133":{"start":{"line":361,"column":4},"end":{"line":361,"column":17}},"134":{"start":{"line":362,"column":4},"end":{"line":362,"column":27}},"135":{"start":{"line":363,"column":4},"end":{"line":366,"column":7}},"136":{"start":{"line":364,"column":8},"end":{"line":364,"column":41}},"137":{"start":{"line":365,"column":8},"end":{"line":365,"column":54}},"138":{"start":{"line":376,"column":0},"end":{"line":383,"column":2}},"139":{"start":{"line":377,"column":4},"end":{"line":377,"column":18}},"140":{"start":{"line":378,"column":4},"end":{"line":382,"column":5}},"141":{"start":{"line":379,"column":8},"end":{"line":379,"column":37}},"142":{"start":{"line":380,"column":11},"end":{"line":382,"column":5}},"143":{"start":{"line":381,"column":8},"end":{"line":381,"column":13}},"144":{"start":{"line":390,"column":0},"end":{"line":397,"column":2}},"145":{"start":{"line":391,"column":4},"end":{"line":391,"column":18}},"146":{"start":{"line":392,"column":4},"end":{"line":396,"column":5}},"147":{"start":{"line":393,"column":8},"end":{"line":393,"column":36}},"148":{"start":{"line":394,"column":11},"end":{"line":396,"column":5}},"149":{"start":{"line":395,"column":8},"end":{"line":395,"column":13}},"150":{"start":{"line":404,"column":0},"end":{"line":411,"column":2}},"151":{"start":{"line":405,"column":4},"end":{"line":405,"column":18}},"152":{"start":{"line":406,"column":4},"end":{"line":410,"column":5}},"153":{"start":{"line":407,"column":8},"end":{"line":407,"column":34}},"154":{"start":{"line":408,"column":11},"end":{"line":410,"column":5}},"155":{"start":{"line":409,"column":8},"end":{"line":409,"column":23}},"156":{"start":{"line":421,"column":0},"end":{"line":423,"column":2}},"157":{"start":{"line":422,"column":4},"end":{"line":422,"column":29}},"158":{"start":{"line":428,"column":0},"end":{"line":432,"column":2}},"159":{"start":{"line":429,"column":4},"end":{"line":431,"column":5}},"160":{"start":{"line":430,"column":8},"end":{"line":430,"column":36}},"161":{"start":{"line":438,"column":0},"end":{"line":440,"column":2}},"162":{"start":{"line":439,"column":4},"end":{"line":439,"column":112}},"163":{"start":{"line":447,"column":0},"end":{"line":462,"column":2}},"164":{"start":{"line":449,"column":4},"end":{"line":450,"column":15}},"165":{"start":{"line":450,"column":8},"end":{"line":450,"column":15}},"166":{"start":{"line":452,"column":4},"end":{"line":460,"column":5}},"167":{"start":{"line":453,"column":8},"end":{"line":457,"column":22}},"168":{"start":{"line":454,"column":12},"end":{"line":455,"column":26}},"169":{"start":{"line":455,"column":16},"end":{"line":455,"column":26}},"170":{"start":{"line":456,"column":12},"end":{"line":456,"column":74}},"171":{"start":{"line":459,"column":8},"end":{"line":459,"column":69}},"172":{"start":{"line":461,"column":4},"end":{"line":461,"column":49}},"173":{"start":{"line":470,"column":0},"end":{"line":482,"column":2}},"174":{"start":{"line":471,"column":4},"end":{"line":475,"column":5}},"175":{"start":{"line":472,"column":8},"end":{"line":474,"column":10}},"176":{"start":{"line":473,"column":12},"end":{"line":473,"column":23}},"177":{"start":{"line":477,"column":4},"end":{"line":481,"column":5}},"178":{"start":{"line":478,"column":8},"end":{"line":478,"column":86}},"179":{"start":{"line":480,"column":8},"end":{"line":480,"column":45}},"180":{"start":{"line":490,"column":0},"end":{"line":502,"column":2}},"181":{"start":{"line":491,"column":4},"end":{"line":495,"column":5}},"182":{"start":{"line":492,"column":8},"end":{"line":494,"column":10}},"183":{"start":{"line":493,"column":12},"end":{"line":493,"column":23}},"184":{"start":{"line":497,"column":4},"end":{"line":501,"column":5}},"185":{"start":{"line":498,"column":8},"end":{"line":498,"column":87}},"186":{"start":{"line":500,"column":8},"end":{"line":500,"column":46}},"187":{"start":{"line":510,"column":0},"end":{"line":522,"column":2}},"188":{"start":{"line":511,"column":4},"end":{"line":515,"column":5}},"189":{"start":{"line":512,"column":8},"end":{"line":514,"column":10}},"190":{"start":{"line":513,"column":12},"end":{"line":513,"column":23}},"191":{"start":{"line":517,"column":4},"end":{"line":521,"column":5}},"192":{"start":{"line":518,"column":8},"end":{"line":518,"column":89}},"193":{"start":{"line":520,"column":8},"end":{"line":520,"column":48}},"194":{"start":{"line":527,"column":0},"end":{"line":532,"column":2}},"195":{"start":{"line":528,"column":4},"end":{"line":531,"column":5}},"196":{"start":{"line":529,"column":8},"end":{"line":529,"column":31}},"197":{"start":{"line":530,"column":8},"end":{"line":530,"column":34}},"198":{"start":{"line":545,"column":0},"end":{"line":548,"column":2}},"199":{"start":{"line":546,"column":4},"end":{"line":546,"column":41}},"200":{"start":{"line":547,"column":4},"end":{"line":547,"column":17}},"201":{"start":{"line":590,"column":0},"end":{"line":608,"column":2}},"202":{"start":{"line":591,"column":4},"end":{"line":593,"column":5}},"203":{"start":{"line":592,"column":8},"end":{"line":592,"column":23}},"204":{"start":{"line":595,"column":4},"end":{"line":597,"column":5}},"205":{"start":{"line":596,"column":8},"end":{"line":596,"column":36}},"206":{"start":{"line":599,"column":4},"end":{"line":599,"column":14}},"207":{"start":{"line":603,"column":4},"end":{"line":605,"column":5}},"208":{"start":{"line":604,"column":8},"end":{"line":604,"column":34}},"209":{"start":{"line":607,"column":4},"end":{"line":607,"column":17}},"210":{"start":{"line":616,"column":0},"end":{"line":623,"column":1}},"211":{"start":{"line":617,"column":4},"end":{"line":622,"column":7}},"212":{"start":{"line":632,"column":0},"end":{"line":639,"column":1}},"213":{"start":{"line":633,"column":4},"end":{"line":638,"column":7}}},"branchMap":{"1":{"line":12,"type":"binary-expr","locations":[{"start":{"line":12,"column":17},"end":{"line":12,"column":30}},{"start":{"line":12,"column":34},"end":{"line":12,"column":49}}]},"2":{"line":53,"type":"cond-expr","locations":[{"start":{"line":53,"column":18},"end":{"line":53,"column":36}},{"start":{"line":53,"column":39},"end":{"line":53,"column":41}}]},"3":{"line":54,"type":"switch","locations":[{"start":{"line":55,"column":8},"end":{"line":57,"column":18}},{"start":{"line":58,"column":8},"end":{"line":58,"column":23}},{"start":{"line":59,"column":8},"end":{"line":61,"column":18}},{"start":{"line":62,"column":8},"end":{"line":64,"column":18}},{"start":{"line":65,"column":8},"end":{"line":65,"column":23}},{"start":{"line":66,"column":8},"end":{"line":68,"column":18}},{"start":{"line":69,"column":8},"end":{"line":69,"column":25}},{"start":{"line":70,"column":8},"end":{"line":72,"column":18}}]},"4":{"line":114,"type":"if","locations":[{"start":{"line":114,"column":4},"end":{"line":114,"column":4}},{"start":{"line":114,"column":4},"end":{"line":114,"column":4}}]},"5":{"line":117,"type":"if","locations":[{"start":{"line":117,"column":11},"end":{"line":117,"column":11}},{"start":{"line":117,"column":11},"end":{"line":117,"column":11}}]},"6":{"line":120,"type":"if","locations":[{"start":{"line":120,"column":11},"end":{"line":120,"column":11}},{"start":{"line":120,"column":11},"end":{"line":120,"column":11}}]},"7":{"line":134,"type":"if","locations":[{"start":{"line":134,"column":8},"end":{"line":134,"column":8}},{"start":{"line":134,"column":8},"end":{"line":134,"column":8}}]},"8":{"line":147,"type":"binary-expr","locations":[{"start":{"line":147,"column":20},"end":{"line":147,"column":21}},{"start":{"line":147,"column":25},"end":{"line":147,"column":30}}]},"9":{"line":151,"type":"if","locations":[{"start":{"line":151,"column":8},"end":{"line":151,"column":8}},{"start":{"line":151,"column":8},"end":{"line":151,"column":8}}]},"10":{"line":202,"type":"if","locations":[{"start":{"line":202,"column":4},"end":{"line":202,"column":4}},{"start":{"line":202,"column":4},"end":{"line":202,"column":4}}]},"11":{"line":205,"type":"if","locations":[{"start":{"line":205,"column":4},"end":{"line":205,"column":4}},{"start":{"line":205,"column":4},"end":{"line":205,"column":4}}]},"12":{"line":208,"type":"if","locations":[{"start":{"line":208,"column":4},"end":{"line":208,"column":4}},{"start":{"line":208,"column":4},"end":{"line":208,"column":4}}]},"13":{"line":216,"type":"if","locations":[{"start":{"line":216,"column":8},"end":{"line":216,"column":8}},{"start":{"line":216,"column":8},"end":{"line":216,"column":8}}]},"14":{"line":253,"type":"if","locations":[{"start":{"line":253,"column":4},"end":{"line":253,"column":4}},{"start":{"line":253,"column":4},"end":{"line":253,"column":4}}]},"15":{"line":257,"type":"binary-expr","locations":[{"start":{"line":257,"column":24},"end":{"line":257,"column":37}},{"start":{"line":257,"column":41},"end":{"line":257,"column":55}}]},"16":{"line":268,"type":"if","locations":[{"start":{"line":268,"column":16},"end":{"line":268,"column":16}},{"start":{"line":268,"column":16},"end":{"line":268,"column":16}}]},"17":{"line":276,"type":"if","locations":[{"start":{"line":276,"column":16},"end":{"line":276,"column":16}},{"start":{"line":276,"column":16},"end":{"line":276,"column":16}}]},"18":{"line":310,"type":"if","locations":[{"start":{"line":310,"column":8},"end":{"line":310,"column":8}},{"start":{"line":310,"column":8},"end":{"line":310,"column":8}}]},"19":{"line":311,"type":"binary-expr","locations":[{"start":{"line":311,"column":12},"end":{"line":311,"column":35}},{"start":{"line":312,"column":12},"end":{"line":312,"column":33}},{"start":{"line":312,"column":37},"end":{"line":312,"column":38}},{"start":{"line":312,"column":42},"end":{"line":312,"column":72}}]},"20":{"line":332,"type":"if","locations":[{"start":{"line":332,"column":4},"end":{"line":332,"column":4}},{"start":{"line":332,"column":4},"end":{"line":332,"column":4}}]},"21":{"line":378,"type":"if","locations":[{"start":{"line":378,"column":4},"end":{"line":378,"column":4}},{"start":{"line":378,"column":4},"end":{"line":378,"column":4}}]},"22":{"line":380,"type":"if","locations":[{"start":{"line":380,"column":11},"end":{"line":380,"column":11}},{"start":{"line":380,"column":11},"end":{"line":380,"column":11}}]},"23":{"line":392,"type":"if","
[...]
":{"line":206,"column":33}}]},"42":{"line":211,"type":"binary-expr","locations":[{"start":{"line":211,"column":15},"end":{"line":211,"column":17}},{"start":{"line":211,"column":21},"end":{"line":211,"column":25}}]},"43":{"line":221,"type":"if","locations":[{"start":{"line":221,"column":4},"end":{"line":221,"column":4}},{"start":{"line":221,"column":4},"end":{"line":221,"column":4}}]},"44":{"line":221,"type":"binary-expr","locations":[{"start":{"line":221,"column":8},"end":{"line":221,"column":30}},{"start":{"line":221,"column":34},"end":{"line":221,"column":58}}]}},"code":["module.exports = BaseSQL;","","/**"," * Base SQL class"," */","function BaseSQL() {","}","","BaseSQL.prototype.query = function () {","    throw new Error('query method should be declared in adapter');","};","","BaseSQL.prototype.command = function (sql, callback) {","    return this.query(sql, callback);","};","","BaseSQL.prototype.queryOne = function (sql, callback) {","    return this.query(sql, function (err, data) {","        if (err) {","            return callback && callback(err);","        }","        return callback && callback(err, data[0]);","    });","};","","BaseSQL.prototype.table = function (model) {","    return this._models[model].model.schema.tableName(model);","};","","BaseSQL.prototype.escapeName = function (name) {","    throw new Error('escapeName method should be declared in adapter');","};","","BaseSQL.prototype.tableEscaped = function (model) {","    return this.escapeName(this.table(model));","};","","BaseSQL.prototype.define = function (descr) {","    if (!descr.settings) {","        descr.settings = {};","    }","    this._models[descr.model.modelName] = descr;","};","","BaseSQL.prototype.defineProperty = function (model, prop, params) {","    this._models[model].properties[prop] = params;","};","","BaseSQL.prototype.save = function (model, data, callback) {","    var sql = 'UPDATE ' + this.tableEscaped(model) + ' SET ' + this.toFields(model, data) + ' WHERE ' + this.escapeName('id') + ' = ' + data.id;","    this.query(sql, function (err) {","        return callback && callback(err);","    });","};","","BaseSQL.prototype.exists = function (model, id, callback) {","    id = getInstanceId(id);","    var sql = 'SELECT 1 FROM ' +","        this.tableEscaped(model) + ' WHERE ' + this.escapeName('id') + ' = ' + id + ' LIMIT 1';","","    this.query(sql, function (err, data) {","        if (err) {","            return callback(err);","        }","        return callback && callback(null, data.length === 1);","    });","};","","BaseSQL.prototype.findById = function findById(model, id, callback) {","    id = getInstanceId(id);","    var self = this;","    var sql = 'SELECT * FROM ' +","        self.tableEscaped(model) + ' WHERE ' +","        self.escapeName('id') + ' = ' + id + ' LIMIT 1';","","    self.query(sql, function (err, data) {","        if (data && data.length === 1) {","            data[0].id = id;","        } else {","            data = [null];","        }","        return callback && callback(err, self.fromDatabase(model, data[0]));","    }.bind(self));","};","","BaseSQL.prototype.remove = function remove(model, cond, callback) {","    var self = this, sql = 'DELETE FROM ' + this.tableEscaped(model) + ' ';","    if (!cond) {","        cond = {};","    }","    if (cond.where) {","        sql += self.buildWhere(cond.where, self, model);","        self.command(sql, function (err) {","            return callback && callback(err);","        });","    } else {","        return callback && callback('Undefined cond.where');","    }","};","","BaseSQL.prototype.destroy = function destroy(model, id, callback) {","    var sql = 'DELETE FROM ' +","        this.tableEscaped(model) + ' WHERE ' + this.escapeName('id') + ' = ' + getInstanceId(id);","    this.command(sql, function (err) {","        return callback && callback(err);","    });","};","","BaseSQL.prototype.destroyAll = function destroyAll(model, callback) {","    this.command('DELETE FROM ' + this.tableEscaped(model), function (err) {","        if (err) {","            return callback && callback(err, []);","        }","        return callback && callback(err, []);","    }.bind(this));","};","","BaseSQL.prototype.count = function count(model, callback, cond) {","    var self = this, sql = 'SELECT count(*) as cnt FROM ' + self.tableEscaped(model) + ' ';","    if (cond && cond.where) {","        sql += self.buildWhere(cond.where, self, model);","    }","    self.queryOne(sql, function (err, res) {","        if (err) {","            return callback && callback(err);","        }","        var cnt = parseInt(res && res.cnt || 0);","        return callback && callback(err, cnt);","    });","};","","BaseSQL.prototype.updateAttributes = function updateAttrs(model, id, data, cb) {","    data.id = getInstanceId(id);","    this.save(model, data, cb);","};","","BaseSQL.prototype.disconnect = function disconnect() {","    this.client.end();","};","/**"," * Re create existing database tables."," * @param {Function} cb"," */","BaseSQL.prototype.automigrate = function (cb) {","    var self = this;","    var wait = 0;","","    Object.keys(this._models).forEach(function (model) {","        wait += 1;","        self.dropTable(model, function (err) {","            if (err) {","                console.log(err);","            }","            self.createTable(model, function (err) {","                if (err) {","                    console.log(err);","                }","                return done && done();","            });","        });","    });","    if (wait === 0) {","        cb();","    }","    function done() {","        if (--wait === 0 && cb) {","            cb();","        }","    }","};","","BaseSQL.prototype.dropTable = function (model, cb) {","    this.command('DROP TABLE IF EXISTS ' + this.tableEscaped(model), cb);","};","","BaseSQL.prototype.createTable = function (model, indexes, cb) {","    var self = this, m = self._models[model];","    if ('function' === typeof indexes) {","        cb = indexes;","    }","    var sql = 'CREATE TABLE ' + self.tableEscaped(model) +","        ' (\\n  ' + self.propertiesSQL(model) + '\\n)';","    if (self.name === 'mysql') {","        sql += ' CHARSET=utf8;';","    } else if (self.name === 'pg') {","        // TODO","        // sql = 'PRAGMA encoding = \"UTF-8\"; ' + sql;","    } else if (self.name === 'cassandra') {","        // add sorting indexes","        if (m.settings.orderBy && m.settings.orderBy.columns) {","            var oda = m.settings.orderBy;","            var odd = oda.direction ? oda.direction.toUpperCase() : 'ASC';","            sql += ' WITH CLUSTERING ORDER BY (' + oda.columns + ' ' + odd + ')';","        }","    }","","    try {","        self.command(sql, function (err) {","            if (err) {","                // console.log('ERROR CREATE TABLE 1: ', model, sql, err);","            }","            //  || self.name === 'cassandra'","            if (self.name === 'sqlite3' || self.name === 'mysql') {","                self.createIndexes(model, self._models[model], cb);","            } else {","                return cb && cb();","            }","        });","    } catch (err) {","        // console.log('ERROR CREATE TABLE 2: ', model, sql, err);","        return cb && cb();","    }","};","","/**"," * Normalize id"," *"," * @param {Mixed} id"," */","function getInstanceId(id) {","    if (typeof id === 'object' && id.constructor === Array) {","        id = id[0];","    }","    return id;","}",""],"l":{"1":1,"6":1,"9":1,"10":0,"13":1,"14":0,"17":1,"18":0,"19":0,"20":0,"22":0,"26":1,"27":0,"30":1,"31":0,"34":1,"35":0,"38":1,"39":0,"40":0,"42":0,"45":1,"46":0,"49":1,"50":0,"51":0,"52":0,"56":1,"57":0,"58":0,"61":0,"62":0,"63":0,"65":0,"69":1,"70":0,"71":0,"72":0,"76":0,"77":0,"78":0,"80":0,"82":0,"86":1,"87":0,"88":0,"89":0,"91":0,"92":0,"93":0,"94":0,"97":0,"101":1,"102":0,"104":0,"105":0,"109":1,"110":0,"111":0,"112":0,"114":0,"118":1,"119":0,"120":0,"121":0,"123":0,"124":0,"125":0,"127":0,"128":0,"132":1,"133":0,"134":0,"137":1,"138":0,"144":1,"145":0,"146":0,"148":0,"149":0,"150":0,"151":0,"152":0,"154":0,"155":0,"156":0,"158":0,"162":0,"163":0,"165":1,"166":0,"167":0,"172":1,"173":0,"176":1,"177":0,"178":0,"179":0,"181":0,"183":0,"184":0,"185":0,"188":0,"190":0,"191":0,"192":0,"193":0,"197":0,"198":0,"199":0,"203":0,"204":0,"206":0,"211":0,"220":1,"221":0,"222":0,"224":0}},"/home/travis/build/npmtest/node-npmtest-caminte/node_modules/caminte/lib/solr.js":{"path":"/home/travis/build/npmtest/node-npmtest-caminte/node_modules/caminte/lib/solr.js","s":{"1":1,"2":0,"3":0,"4":0,"5":0,"6":1,"7":1,"8":0,"9":0,"10":0,"11":0,"12":0,"13":0,"14":0,"15":0,"16":0,"17":0,"18":0,"19":1,"20":0,"21":0,"22":0,"23":0,"24":0,"25":0,"26":0,"27":0,"28":0,"29":0,"30":0,"31":0,"32":0,"33":0,"34":0,"35":0,"36":0,"37":0,"38":0,"39":0,"40":0,"41":0,"42":0,"43":0,"44":0,"45":0,"46":0,"47":0,"48":0,"49":0},"b":{"1":[0,0],"2":[0,0],"3":[0,0],"4":[0,0],"5":[0,0,0,0,0,0,0,0,0,0,0,0,0,0],"6":[0,0],"7":[0,0],"8":[0,0],"9":[0,0],"10":[0,0],"11":[0,0],"12":[0,0],"13":[0,0],"14":[0,0]},"f":{"1":0,"2":0,"3":0,"4":0,"5":0,"6":0,"7":0,"8":0,"9":0,"10":0},"fnMap":{"1":{"name":"toSolr","line":5,"loc":{"start":{"line":5,"column":17},"end":{"line":5,"column":41}}},"2":{"name":"(anonymous_2)","line":8,"loc":{"start":{"line":8,"column":32},"end":{"line":8,"column":45}}},"3":{"name":"fromSolr","line":20,"loc":{"start":{"line":20,"column":19},"end":{"line":20,"column":42}}},"4":{"name":"(anonymous_4)","line":24,"loc":{"start":{"line":24,"column":24},"end":{"line":24,"column":41}}},"5":{"name":"(anonymous_5)","line":30,"loc":{"start":{"line":30,"column":11},"end":{"line":30,"column":25}}},"6":{"name":"(anonymous_6)","line":32,"loc":{"start":{"line":32,"column":21},"end":{"line":32,"column":35}}},"7":{"name":"(anonymous_7)","line":43,"loc":{"start":{"line":43,"column":22},"end":{"line":43,"column":43}}},"8":{"name":"(anonymous_8)","line":45,"loc":{"start":{"line":45,"column":31},"end":{"line":45,"column":50}}},"9":{"name":"(anonymous_9)","line":65,"loc":{"start":{"line":65,"column":40},"end":{"line":65,"column":55}}},"10":{"name":"(anonymous_10)","line":72,"loc":{"start":{"line":72,"column":40},"end":{"line":72,"column":55}}}},"statementMap":{"1":{"start":{"line":5,"column":0},"end":{"line":18,"column":2}},"2":{"start":{"line":6,"column":4},"end":{"line":6,"column":34}},"3":{"start":{"line":8,"column":4},"end":{"line":10,"column":7}},"4":{"start":{"line":9,"column":8},"end":{"line":9,"column":25}},"5":{"start":{"line":12,"column":4},"end":{"line":17,"column":5}},"6":{"start":{"line":20,"column":0},"end":{"line":22,"column":2}},"7":{"start":{"line":24,"column":0},"end":{"line":41,"column":2}},"8":{"start":{"line":25,"column":4},"end":{"line":25,"column":20}},"9":{"start":{"line":26,"column":4},"end":{"line":28,"column":5}},"10":{"start":{"line":27,"column":8},"end":{"line":27,"column":28}},"11":{"start":{"line":29,"column":4},"end":{"line":29,"column":41}},"12":{"start":{"line":30,"column":4},"end":{"line":40,"column":6}},"13":{"start":{"line":31,"column":8},"end":{"line":31,"column":22}},"14":{"start":{"line":32,"column":8},"end":{"line":38,"column":11}},"15":{"start":{"line":33,"column":12},"end":{"line":37,"column":13}},"16":{"start":{"line":34,"column":16},"end":{"line":34,"column":71}},"17":{"start":{"line":36,"column":16},"end":{"line":36,"column":57}},"18":{"start":{"line":39,"column":8},"end":{"line":39,"column":20}},"19":{"start":{"line":43,"column":0},"end":{"line":95,"column":2}},"20":{"start":{"line":44,"column":4},"end":{"line":44,"column":21}},"21":{"start":{"line":45,"column":4},"end":{"line":93,"column":7}},"22":{"start":{"line":46,"column":8},"end":{"line":92,"column":9}},"23":{"start":{"line":48,"column":16},"end":{"line":48,"column":60}},"24":{"start":{"line":49,"column":16},"end":{"line":49,"column":22}},"25":{"start":{"line":51,"column":16},"end":{"line":51,"column":61}},"26":{"start":{"line":52,"column":16},"end":{"line":52,"column":22}},"27":{"start":{"line":54,"column":16},"end":{"line":54,"column":60}},"28":{"start":{"line":55,"column":16},"end":{"line":55,"column":22}},"29":{"start":{"line":57,"column":16},"end":{"line":57,"column":61}},"30":{"start":{"line":58,"column":16},"end":{"line":58,"column":22}},"31":{"start":{"line":61,"column":16},"end":{"line":61,"column":62}},"32":{"start":{"line":62,"column":16},"end":{"line":62,"column":22}},"33":{"start":{"line":65,"column":16},"end":{"line":69,"column":19}},"34":{"start":{"line":66,"column":20},"end":{"line":68,"column":21}},"35":{"start":{"line":67,"column":24},"end":{"line":67,"column":36}},"36":{"start":{"line":70,"column":16},"end":{"line":70,"column":22}},"37":{"start":{"line":72,"column":16},"end":{"line":76,"column":19}},"38":{"start":{"line":73,"column":20},"end":{"line":75,"column":21}},"39":{"start":{"line":74,"column":24},"end":{"line":74,"column":37}},"40":{"start":{"line":77,"column":16},"end":{"line":77,"column":22}},"41":{"start":{"line":80,"column":16},"end":{"line":80,"column":62}},"42":{"start":{"line":81,"column":16},"end":{"line":81,"column":22}},"43":{"start":{"line":84,"column":16},"end":{"line":84,"column":61}},"44":{"start":{"line":85,"column":16},"end":{"line":85,"column":22}},"45":{"start":{"line":87,"column":16},"end":{"line":87,"column":62}},"46":{"start":{"line":88,"column":16},"end":{"line":88,"column":22}},"47":{"start":{"line":90,"column":16},"end":{"line":90,"column":62}},"48":{"start":{"line":91,"column":16},"end":{"line":91,"column":22}},"49":{"start":{"line":94,"column":4},"end":{"line":94,"column":16}}},"branchMap":{"1":{"line":6,"type":"cond-expr","locations":[{"start":{"line":6,"column":22},"end":{"line":6,"column":28}},{"start":{"line":6,"column":31},"end":{"line":6,"column":33}}]},"2":{"line":26,"type":"if","locations":[{"start":{"line":26,"column":4},"end":{"line":26,"column":4}},{"start":{"line":26,"column":4},"end":{"line":26,"column":4}}]},"3":{"line":33,"type":"if","locations":[{"start":{"line":33,"column":12},"end":{"line":33,"column":12}},{"start":{"line":33,"column":12},"end":{"line":33,"column":12}}]},"4":{"line":33,"type":"binary-expr","locations":[{"start":{"line":33,"column":16},"end":{"line":33,"column":53}},{"start":{"line":33,"column":57},"end":{"line":33,"column":83}}]},"5":{"line":46,"type":"switch","locations":[{"start":{"line":47,"column":12},"end":{"line":49,"column":22}},{"start":{"line":50,"column":12},"end":{"line":52,"column":22}},{"start":{"line":53,"column":12},"end":{"line":55,"column":22}},{"start":{"line":56,"column":12},"end":{"line":58,"column":22}},{"start":{"line":59,"column":12},"end":{"line":62,"column":22}},{"start":{"line":63,"column":12},"end":{"line":63,"column":23}},{"start":{"line":64,"column":12},"end":{"line":70,"column":22}},{"start":{"line":71,"column":12},"end":{"line":77,"column":22}},{"start":{"line":78,"column":12},"end":{"line":78,"column":23}},{"start":{"line":79,"column":12},"end":{"line":81,"column":22}},{"start":{"line":82,"column":12},"end":{"line":82,"column":25}},{"start":{"line":83,"column":12},"end":{"line":85,"column":22}},{"start":{"line":86,"column":12},"end":{"line":88,"column":22}},{"start":{"line":89,"column":12},"end":{"line":91,"column":22}}]},"6":{"line":48,"type":"cond-expr","locations":[{"start":{"line":48,"column":47},"end":{"line":48,"column":51}},{"start":{"line":48,"column":54},"end":{"line":48,"column":59}}]},"7":{"line":51,"type":"cond-expr","locations":[{"start":{"line":51,"column":48},"end":{"line":51,"column":52}},{"start":{"line":51,"column":55},"end":{"line":51,"column":60}}]},"8":{"line":54,"type":"cond-expr","locations":[{"start":{"line":54,"column":47},"end":{"line":54,"column":51}},{"start":{"line":54,"column":54},"end":{"line":54,"column":59}}]},"9":{"line":57,"type":"cond-expr","locations":[{"start":{"line":57,"column":48},"end":{"line":57,"column":52}},{"start":{"line":57,"column":55},"end":{"line":57,"column":60}}]},"10":{"line":61,"type":"cond-expr","locations":[{"start":{"line":61,"column":49},"end":{"line":61,"column":53}},{"start":{"line":61,"column":56},"end":{"line":61,"column":61}}]},"11":{"line":66,"type":"if","locations":[{"start":{"line":66,"column":20},"end":{"line":66,"column":20}},{"start":{"line":66,"column":20},"end":{"line":66,"column":20}}]},"12":{"line":73,"type":"if","locations":[{"start":{"line":73,"column":20},"end":{"line":73,"column":20}},{"start":{"line":73,"column":20},"end":{"line":73,"column":20}}]},"13":{"line":80,"type":"cond-expr","locations":[{"start":{"line":80,"column":49},"end":{"line":80,"column":53}},{"start":{"line":80,"column":56},"end":{"line":80,"column":61}}]},"14":{"line":90,"type":"cond-expr","locations":[{"start":{"line":90,"column":49},"end":{"line":90,"column":53}},{"start":{"line":90,"column":56},"end":{"line":90,"column":61}}]}},"code":["/**"," * Created by Alex on 5/24/2014."," */","","exports.toSolr = function toSolr(params) {","    params = params ? params : {};","","    Object.keys(params).forEach(function(key){","        console.log(key);","    });","","    try {","","    } catch (e) {","        // console.log(e)","","    }","};","","exports.fromSolr = function fromSolr(str) {","","};","","exports.__applyFilter = function(filter) {","    var self = this;","    if (typeof filter.where === 'function') {","        return filter.where;","    }","    var keys = Object.keys(filter.where);","    return function(obj) {","        var pass = [];","        keys.forEach(function(key) {","            if (typeof filter.where[key] === 'object' && !filter.where[key].getTime) {","                pass.push(self.parseCond(obj[key], filter.where[key]));","            } else {","                pass.push(key + ':' + filter.where[key]);","            }","        });","        return pass;","    };","};","","exports.__parseCond = function(val, conds) {","    var outs = false;","    Object.keys(conds).forEach(function(condType) {","        switch (condType) {","            case 'gt':","                outs = val > conds[condType] ? true : false;","                break;","            case 'gte':","                outs = val >= conds[condType] ? true : false;","                break;","            case 'lt':","                outs = val < conds[condType] ? true : false;","                break;","            case 'lte':","                outs = val <= conds[condType] ? true : false;","                break;","            case 'between':","                // need","                outs = val !== conds[condType] ? true : false;","                break;","            case 'inq':","            case 'in':","                conds[condType].forEach(function(cval) {","                    if (val === cval) {","                        outs = true;","                    }","                });","                break;","            case 'nin':","                conds[condType].forEach(function(cval) {","                    if (val === cval) {","                        outs = false;","                    }","                });","                break;","            case 'neq':","            case 'ne':","                outs = val !== conds[condType] ? true : false;","                break;","            case 'regex':","            case 'like':","                outs = new RegExp(conds[condType]).test(val);","                break;","            case 'nlike':","                outs = !new RegExp(conds[condType]).test(val);","                break;","            default:","                outs = val === conds[condType] ? true : false;","                break;","        }","    });","    return outs;","};"],"l":{"5":1,"6":0,"8":0,"9":0,"12":0,"20":1,"24":1,"25":0,"26":0,"27":0,"29":0,"30":0,"31":0,"32":0,"33":0,"34":0,"36":0,"39":0,"43":1,"44":0,"45":0,"46":0,"48":0,"49":0,"51":0,"52":0,"54":0,"55":0,"57":0,"58":0,"61":0,"62":0,"65":0,"66":0,"67":0,"70":0,"72":0,"73":0,"74":0,"77":0,"80":0,"81":0,"84":0,"85":0,"87":0,"88":0,"90":0,"91":0,"94":0}}}